#! /usr/bin/vvp
:ivl_version "11.0 (stable)";
:ivl_delay_selection "TYPICAL";
:vpi_time_precision - 12;
:vpi_module "/usr/lib/x86_64-linux-gnu/ivl/system.vpi";
:vpi_module "/usr/lib/x86_64-linux-gnu/ivl/vhdl_sys.vpi";
:vpi_module "/usr/lib/x86_64-linux-gnu/ivl/vhdl_textio.vpi";
:vpi_module "/usr/lib/x86_64-linux-gnu/ivl/v2005_math.vpi";
:vpi_module "/usr/lib/x86_64-linux-gnu/ivl/va_math.vpi";
S_0x55cf599cc180 .scope module, "top_tb" "top_tb" 2 3;
 .timescale -9 -12;
v0x55cf59a25500_0 .var "RVMODEL_DATA_BEGIN", 31 0;
v0x55cf59a255e0_0 .var "RVMODEL_DATA_END", 31 0;
v0x55cf59a256c0_0 .var "clk", 0 0;
v0x55cf59a25760_0 .var "program_file", 8000 1;
v0x55cf59a25820_0 .var "rst_n", 0 0;
v0x55cf59a25910_0 .var "tohost", 31 0;
S_0x55cf599e6870 .scope module, "DUT" "top" 2 6, 3 3 0, S_0x55cf599cc180;
 .timescale -9 -12;
    .port_info 0 /INPUT 1 "rst_n";
    .port_info 1 /INPUT 1 "clk";
L_0x55cf599ff220 .functor BUFZ 32, v0x55cf59a139d0_0, C4<00000000000000000000000000000000>, C4<00000000000000000000000000000000>, C4<00000000000000000000000000000000>;
L_0x55cf59a38b60 .functor AND 1, L_0x55cf59a38650, L_0x55cf59a38970, C4<1>, C4<1>;
L_0x55cf59a39000 .functor AND 1, L_0x55cf59a38b60, L_0x55cf59a38db0, C4<1>, C4<1>;
L_0x55cf59a394b0 .functor AND 1, L_0x55cf59a39000, L_0x55cf59a39250, C4<1>, C4<1>;
L_0x55cf59a39960 .functor BUFZ 32, v0x55cf59a1cab0_0, C4<00000000000000000000000000000000>, C4<00000000000000000000000000000000>, C4<00000000000000000000000000000000>;
v0x55cf59a1f690_0 .net "EX_ALUOp", 1 0, L_0x55cf59a27480;  1 drivers
v0x55cf59a1f790_0 .net "EX_ALUSrc", 0 0, L_0x55cf59a27640;  1 drivers
v0x55cf59a1f850_0 .net "EX_ALU_result", 31 0, v0x55cf59a1cab0_0;  1 drivers
v0x55cf59a1f920_0 .net "EX_Branch", 0 0, L_0x55cf59a27ba0;  1 drivers
v0x55cf59a1fa10_0 .net "EX_Jump", 0 0, L_0x55cf59a27c40;  1 drivers
v0x55cf59a1fb00_0 .var "EX_MEM", 109 0;
v0x55cf59a1fba0_0 .net "EX_MemRead", 0 0, L_0x55cf59a27920;  1 drivers
v0x55cf59a1fc40_0 .net "EX_MemWrite", 0 0, L_0x55cf59a27a10;  1 drivers
v0x55cf59a1fce0_0 .net "EX_RegSrc", 1 0, L_0x55cf59a27520;  1 drivers
v0x55cf59a1fe10_0 .net "EX_RegWrite", 0 0, L_0x55cf59a276e0;  1 drivers
v0x55cf59a1feb0_0 .net "EX_ValidReg", 2 0, L_0x55cf59a27290;  1 drivers
v0x55cf59a1ffa0_0 .net "EX_branch_taken", 0 0, v0x55cf59a1d6b0_0;  1 drivers
v0x55cf59a20040_0 .net "EX_carry", 0 0, v0x55cf59a1cbb0_0;  1 drivers
v0x55cf59a20130_0 .net "EX_eximm", 31 0, L_0x55cf59a27fe0;  1 drivers
v0x55cf59a201d0_0 .net "EX_field", 3 0, L_0x55cf59a271f0;  1 drivers
v0x55cf59a20270_0 .net "EX_funct3", 2 0, L_0x55cf59a270a0;  1 drivers
v0x55cf59a20360_0 .net "EX_op1", 31 0, L_0x55cf59a39600;  1 drivers
v0x55cf59a20530_0 .net "EX_op2", 31 0, L_0x55cf59a39790;  1 drivers
v0x55cf59a20600_0 .net "EX_overflow", 0 0, v0x55cf59a1cf40_0;  1 drivers
v0x55cf59a206f0_0 .net "EX_pc", 31 0, L_0x55cf59a27000;  1 drivers
v0x55cf59a207b0_0 .net "EX_pc_eximm", 31 0, L_0x55cf59a393e0;  1 drivers
v0x55cf59a20890_0 .net "EX_rd", 4 0, L_0x55cf59a280d0;  1 drivers
v0x55cf59a20950_0 .net "EX_rs1", 4 0, L_0x55cf59a28290;  1 drivers
v0x55cf59a20a20_0 .net "EX_rs1_data", 31 0, L_0x55cf59a27b00;  1 drivers
v0x55cf59a20af0_0 .net "EX_rs1_data_final", 31 0, L_0x55cf59a3d2d0;  1 drivers
v0x55cf59a20bb0_0 .net "EX_rs1_fwd", 0 0, L_0x55cf59a3c6d0;  1 drivers
v0x55cf59a20c80_0 .net "EX_rs1_fwd_data", 31 0, v0x55cf59a16830_0;  1 drivers
v0x55cf59a20d50_0 .net "EX_rs2", 4 0, L_0x55cf59a28380;  1 drivers
v0x55cf59a20e20_0 .net "EX_rs2_data", 31 0, L_0x55cf59a27e30;  1 drivers
v0x55cf59a20ef0_0 .net "EX_rs2_data_final", 31 0, L_0x55cf59a3d410;  1 drivers
v0x55cf59a20fb0_0 .net "EX_rs2_fwd", 0 0, L_0x55cf59a3d100;  1 drivers
v0x55cf59a21080_0 .net "EX_rs2_fwd_data", 31 0, v0x55cf59a16b50_0;  1 drivers
v0x55cf59a21150_0 .net "EX_sign", 0 0, v0x55cf59a1d000_0;  1 drivers
v0x55cf59a21450_0 .net "EX_zero", 0 0, v0x55cf59a1d0c0_0;  1 drivers
v0x55cf59a21540_0 .net "ID_ALUOp", 1 0, v0x55cf59a18a60_0;  1 drivers
v0x55cf59a21630_0 .net "ID_ALUSrc", 0 0, v0x55cf59a18b60_0;  1 drivers
v0x55cf59a216d0_0 .net "ID_Branch", 0 0, v0x55cf59a18c20_0;  1 drivers
v0x55cf59a21770_0 .var "ID_EX", 162 0;
v0x55cf59a21810_0 .net "ID_Jump", 0 0, v0x55cf59a18cc0_0;  1 drivers
v0x55cf59a218b0_0 .net "ID_MemRead", 0 0, v0x55cf59a18d80_0;  1 drivers
v0x55cf59a21980_0 .net "ID_MemWrite", 0 0, v0x55cf59a18e90_0;  1 drivers
v0x55cf59a21a50_0 .net "ID_RegSrc", 1 0, v0x55cf59a18f50_0;  1 drivers
v0x55cf59a21b20_0 .net "ID_RegWrite", 0 0, v0x55cf59a19030_0;  1 drivers
v0x55cf59a21bf0_0 .net "ID_ValidReg", 2 0, v0x55cf59a190f0_0;  1 drivers
v0x55cf59a21ce0_0 .net "ID_eximm", 31 0, v0x55cf59a1af30_0;  1 drivers
v0x55cf59a21d80_0 .net "ID_field", 3 0, v0x55cf59a1bbb0_0;  1 drivers
v0x55cf59a21e50_0 .net "ID_funct3", 14 12, L_0x55cf59a26110;  1 drivers
v0x55cf59a21f20_0 .net "ID_funct7", 31 25, L_0x55cf59a26320;  1 drivers
v0x55cf59a21ff0_0 .net "ID_instruction", 31 0, L_0x55cf599ff220;  1 drivers
v0x55cf59a220c0_0 .net "ID_opcode", 6 0, L_0x55cf59a25f80;  1 drivers
v0x55cf59a22190_0 .net "ID_pc", 31 0, v0x55cf59a22670_0;  1 drivers
v0x55cf59a22230_0 .net "ID_rd", 11 7, L_0x55cf59a26070;  1 drivers
v0x55cf59a222f0_0 .net "ID_rs1", 19 15, L_0x55cf59a261b0;  1 drivers
v0x55cf59a22400_0 .net "ID_rs1_data", 31 0, L_0x55cf59a26770;  1 drivers
v0x55cf59a224c0_0 .net "ID_rs2", 24 20, L_0x55cf59a26280;  1 drivers
v0x55cf59a225b0_0 .net "ID_rs2_data", 31 0, L_0x55cf59a26aa0;  1 drivers
v0x55cf59a22670_0 .var "IF_ID", 31 0;
v0x55cf59a22730_0 .var "IF_pc", 31 0;
v0x55cf59a22820_0 .net "MEM_ALU_result", 31 0, L_0x55cf59a3a650;  1 drivers
v0x55cf59a22910_0 .net "MEM_DMEM_result", 31 0, v0x55cf59a1eaa0_0;  1 drivers
v0x55cf59a229d0_0 .net "MEM_RegSrc", 1 0, L_0x55cf59a3a360;  1 drivers
v0x55cf59a22aa0_0 .net "MEM_RegWrite", 0 0, L_0x55cf59a3a560;  1 drivers
v0x55cf59a22b70_0 .net "MEM_ValidReg", 2 0, L_0x55cf59a3a1e0;  1 drivers
v0x55cf59a22c40_0 .var "MEM_WB", 39 0;
v0x55cf59a22ce0_0 .net "MEM_funct3", 2 0, L_0x55cf59a39fa0;  1 drivers
v0x55cf59a231e0_0 .net "MEM_pc", 31 0, L_0x55cf59a39c30;  1 drivers
v0x55cf59a232b0_0 .net "MEM_pc_eximm", 31 0, L_0x55cf59a39e60;  1 drivers
v0x55cf59a23380_0 .net "MEM_rd", 4 0, L_0x55cf59a3a860;  1 drivers
v0x55cf59a23470_0 .var "MEM_rd_write_data", 31 0;
v0x55cf59a23530_0 .net "Stall", 0 0, v0x55cf59a17560_0;  1 drivers
v0x55cf59a23600_0 .net "WB_ValidReg", 2 0, L_0x55cf59a3af00;  1 drivers
v0x55cf59a236d0_0 .net "WB_rd", 4 0, L_0x55cf59a3b2b0;  1 drivers
v0x55cf59a237a0_0 .net "WB_rd_write_data", 31 0, L_0x55cf59a3b170;  1 drivers
v0x55cf59a23870_0 .net *"_ivl_105", 39 0, v0x55cf59a22c40_0;  1 drivers
v0x55cf59a23910_0 .net *"_ivl_40", 162 0, v0x55cf59a21770_0;  1 drivers
v0x55cf59a239f0_0 .net *"_ivl_41", 31 0, L_0x55cf59a28550;  1 drivers
L_0x7fb4ea4de180 .functor BUFT 1, C4<000000000000000000000000000000>, C4<0>, C4<0>, C4<0>;
v0x55cf59a23ad0_0 .net *"_ivl_44", 29 0, L_0x7fb4ea4de180;  1 drivers
L_0x7fb4ea4de1c8 .functor BUFT 1, C4<00000000000000000000000000000001>, C4<0>, C4<0>, C4<0>;
v0x55cf59a23bb0_0 .net/2u *"_ivl_45", 31 0, L_0x7fb4ea4de1c8;  1 drivers
v0x55cf59a23c90_0 .net *"_ivl_47", 0 0, L_0x55cf59a38650;  1 drivers
v0x55cf59a23d50_0 .net *"_ivl_49", 31 0, L_0x55cf59a38880;  1 drivers
L_0x7fb4ea4de210 .functor BUFT 1, C4<0000000000000000000000000000000>, C4<0>, C4<0>, C4<0>;
v0x55cf59a23e30_0 .net *"_ivl_52", 30 0, L_0x7fb4ea4de210;  1 drivers
L_0x7fb4ea4de258 .functor BUFT 1, C4<00000000000000000000000000000001>, C4<0>, C4<0>, C4<0>;
v0x55cf59a23f10_0 .net/2u *"_ivl_53", 31 0, L_0x7fb4ea4de258;  1 drivers
v0x55cf59a23ff0_0 .net *"_ivl_55", 0 0, L_0x55cf59a38970;  1 drivers
v0x55cf59a240b0_0 .net *"_ivl_58", 0 0, L_0x55cf59a38b60;  1 drivers
v0x55cf59a24170_0 .net *"_ivl_59", 31 0, L_0x55cf59a38c70;  1 drivers
L_0x7fb4ea4de2a0 .functor BUFT 1, C4<000000000000000000000000000000>, C4<0>, C4<0>, C4<0>;
v0x55cf59a24250_0 .net *"_ivl_62", 29 0, L_0x7fb4ea4de2a0;  1 drivers
L_0x7fb4ea4de2e8 .functor BUFT 1, C4<00000000000000000000000000000000>, C4<0>, C4<0>, C4<0>;
v0x55cf59a24330_0 .net/2u *"_ivl_63", 31 0, L_0x7fb4ea4de2e8;  1 drivers
v0x55cf59a24410_0 .net *"_ivl_65", 0 0, L_0x55cf59a38db0;  1 drivers
v0x55cf59a244d0_0 .net *"_ivl_68", 0 0, L_0x55cf59a39000;  1 drivers
v0x55cf59a24590_0 .net *"_ivl_69", 31 0, L_0x55cf59a39110;  1 drivers
L_0x7fb4ea4de330 .functor BUFT 1, C4<0000000000000000000000000000000>, C4<0>, C4<0>, C4<0>;
v0x55cf59a24670_0 .net *"_ivl_72", 30 0, L_0x7fb4ea4de330;  1 drivers
L_0x7fb4ea4de378 .functor BUFT 1, C4<00000000000000000000000000000001>, C4<0>, C4<0>, C4<0>;
v0x55cf59a24750_0 .net/2u *"_ivl_73", 31 0, L_0x7fb4ea4de378;  1 drivers
v0x55cf59a24830_0 .net *"_ivl_75", 0 0, L_0x55cf59a39250;  1 drivers
v0x55cf59a248f0_0 .net *"_ivl_78", 0 0, L_0x55cf59a394b0;  1 drivers
L_0x7fb4ea4de3c0 .functor BUFT 1, C4<00000000000000000000000000000000>, C4<0>, C4<0>, C4<0>;
v0x55cf59a249b0_0 .net/2u *"_ivl_79", 31 0, L_0x7fb4ea4de3c0;  1 drivers
v0x55cf59a24a90_0 .net *"_ivl_99", 109 0, v0x55cf59a1fb00_0;  1 drivers
v0x55cf59a24b70_0 .net "addra", 31 0, L_0x55cf59a26450;  1 drivers
v0x55cf59a24c60_0 .net "addrb", 31 0, L_0x55cf59a39960;  1 drivers
v0x55cf59a24d30_0 .net "clk", 0 0, v0x55cf59a256c0_0;  1 drivers
o0x7fb4ea527168 .functor BUFZ 32, C4<zzzzzzzzzzzzzzzzzzzzzzzzzzzzzzzz>; HiZ drive
v0x55cf59a24e20_0 .net "dia", 31 0, o0x7fb4ea527168;  0 drivers
v0x55cf59a24ec0_0 .net "dib", 31 0, v0x55cf59a1e3f0_0;  1 drivers
v0x55cf59a24fb0_0 .net "doa", 31 0, v0x55cf59a139d0_0;  1 drivers
v0x55cf59a25070_0 .net "dob", 31 0, v0x55cf59a13ab0_0;  1 drivers
v0x55cf59a25160_0 .net "next_pc", 31 0, v0x55cf59a17eb0_0;  1 drivers
v0x55cf59a25220_0 .net "rst_n", 0 0, v0x55cf59a25820_0;  1 drivers
o0x7fb4ea5272b8 .functor BUFZ 4, C4<zzzz>; HiZ drive
v0x55cf59a252c0_0 .net "wea", 3 0, o0x7fb4ea5272b8;  0 drivers
v0x55cf59a253b0_0 .net "web", 3 0, v0x55cf59a1e640_0;  1 drivers
E_0x55cf59971610/0 .event edge, v0x55cf59a14770_0, v0x55cf59a14690_0, v0x55cf59a1eaa0_0, v0x55cf59a14a60_0;
E_0x55cf59971610/1 .event edge, v0x55cf59a14980_0;
E_0x55cf59971610 .event/or E_0x55cf59971610/0, E_0x55cf59971610/1;
E_0x55cf599713a0/0 .event negedge, v0x55cf59a25220_0;
E_0x55cf599713a0/1 .event posedge, v0x55cf599fdbc0_0;
E_0x55cf599713a0 .event/or E_0x55cf599713a0/0, E_0x55cf599713a0/1;
L_0x55cf59a25f80 .part L_0x55cf599ff220, 0, 7;
L_0x55cf59a26070 .part L_0x55cf599ff220, 7, 5;
L_0x55cf59a26110 .part L_0x55cf599ff220, 12, 3;
L_0x55cf59a261b0 .part L_0x55cf599ff220, 15, 5;
L_0x55cf59a26280 .part L_0x55cf599ff220, 20, 5;
L_0x55cf59a26320 .part L_0x55cf599ff220, 25, 7;
L_0x55cf59a26450 .functor MUXZ 32, v0x55cf59a22730_0, v0x55cf59a22670_0, v0x55cf59a17560_0, C4<>;
L_0x55cf59a26f10 .part L_0x55cf59a25f80, 5, 1;
L_0x55cf59a27000 .part v0x55cf59a21770_0, 131, 32;
L_0x55cf59a270a0 .part v0x55cf59a21770_0, 128, 3;
L_0x55cf59a271f0 .part v0x55cf59a21770_0, 124, 4;
L_0x55cf59a27290 .part v0x55cf59a21770_0, 121, 3;
L_0x55cf59a27480 .part v0x55cf59a21770_0, 119, 2;
L_0x55cf59a27520 .part v0x55cf59a21770_0, 117, 2;
L_0x55cf59a27640 .part v0x55cf59a21770_0, 116, 1;
L_0x55cf59a276e0 .part v0x55cf59a21770_0, 115, 1;
L_0x55cf59a27920 .part v0x55cf59a21770_0, 114, 1;
L_0x55cf59a27a10 .part v0x55cf59a21770_0, 113, 1;
L_0x55cf59a27ba0 .part v0x55cf59a21770_0, 112, 1;
L_0x55cf59a27c40 .part v0x55cf59a21770_0, 111, 1;
L_0x55cf59a27b00 .part v0x55cf59a21770_0, 79, 32;
L_0x55cf59a27e30 .part v0x55cf59a21770_0, 47, 32;
L_0x55cf59a27fe0 .part v0x55cf59a21770_0, 15, 32;
L_0x55cf59a280d0 .part v0x55cf59a21770_0, 10, 5;
L_0x55cf59a28290 .part v0x55cf59a21770_0, 5, 5;
L_0x55cf59a28380 .part v0x55cf59a21770_0, 0, 5;
L_0x55cf59a28550 .concat [ 2 30 0 0], L_0x55cf59a27480, L_0x7fb4ea4de180;
L_0x55cf59a38650 .cmp/eq 32, L_0x55cf59a28550, L_0x7fb4ea4de1c8;
L_0x55cf59a38880 .concat [ 1 31 0 0], L_0x55cf59a27640, L_0x7fb4ea4de210;
L_0x55cf59a38970 .cmp/eq 32, L_0x55cf59a38880, L_0x7fb4ea4de258;
L_0x55cf59a38c70 .concat [ 2 30 0 0], L_0x55cf59a27520, L_0x7fb4ea4de2a0;
L_0x55cf59a38db0 .cmp/eq 32, L_0x55cf59a38c70, L_0x7fb4ea4de2e8;
L_0x55cf59a39110 .concat [ 1 31 0 0], L_0x55cf59a276e0, L_0x7fb4ea4de330;
L_0x55cf59a39250 .cmp/eq 32, L_0x55cf59a39110, L_0x7fb4ea4de378;
L_0x55cf59a39600 .functor MUXZ 32, L_0x55cf59a3d2d0, L_0x7fb4ea4de3c0, L_0x55cf59a394b0, C4<>;
L_0x55cf59a39790 .functor MUXZ 32, L_0x55cf59a3d410, L_0x55cf59a27fe0, L_0x55cf59a27640, C4<>;
L_0x55cf59a393e0 .arith/sum 32, L_0x55cf59a27000, L_0x55cf59a27fe0;
L_0x55cf59a39c30 .part v0x55cf59a1fb00_0, 78, 32;
L_0x55cf59a39e60 .part v0x55cf59a1fb00_0, 46, 32;
L_0x55cf59a39fa0 .part v0x55cf59a1fb00_0, 43, 3;
L_0x55cf59a3a1e0 .part v0x55cf59a1fb00_0, 40, 3;
L_0x55cf59a3a360 .part v0x55cf59a1fb00_0, 38, 2;
L_0x55cf59a3a560 .part v0x55cf59a1fb00_0, 37, 1;
L_0x55cf59a3a650 .part v0x55cf59a1fb00_0, 5, 32;
L_0x55cf59a3a860 .part v0x55cf59a1fb00_0, 0, 5;
L_0x55cf59a3af00 .part v0x55cf59a22c40_0, 37, 3;
L_0x55cf59a3b170 .part v0x55cf59a22c40_0, 5, 32;
L_0x55cf59a3b2b0 .part v0x55cf59a22c40_0, 0, 5;
L_0x55cf59a3d2d0 .functor MUXZ 32, L_0x55cf59a27b00, v0x55cf59a16830_0, L_0x55cf59a3c6d0, C4<>;
L_0x55cf59a3d410 .functor MUXZ 32, L_0x55cf59a27e30, v0x55cf59a16b50_0, L_0x55cf59a3d100, C4<>;
S_0x55cf599ccfa0 .scope module, "INST1" "BRAM" 3 14, 4 3 0, S_0x55cf599e6870;
 .timescale -9 -12;
    .port_info 0 /INPUT 1 "clk";
    .port_info 1 /INPUT 4 "wea";
    .port_info 2 /INPUT 4 "web";
    .port_info 3 /INPUT 32 "addra";
    .port_info 4 /INPUT 32 "addrb";
    .port_info 5 /INPUT 32 "dia";
    .port_info 6 /INPUT 32 "dib";
    .port_info 7 /OUTPUT 32 "doa";
    .port_info 8 /OUTPUT 32 "dob";
P_0x55cf599fac80 .param/l "DMEM_END" 1 4 26, C4<00000000000000001000000000000000>;
P_0x55cf599facc0 .param/l "DMEM_START" 1 4 25, C4<00000000000000000101000000000000>;
P_0x55cf599fad00 .param/l "IMEM_END" 1 4 24, C4<00000000000000000101000000000000>;
P_0x55cf599fad40 .param/l "IMEM_START" 1 4 23, C4<00000000000000000000000000000000>;
L_0x7fb4ea4de060 .functor BUFT 1, C4<00>, C4<0>, C4<0>, C4<0>;
v0x55cf5994c690_0 .net *"_ivl_10", 1 0, L_0x7fb4ea4de060;  1 drivers
v0x55cf59963110_0 .net *"_ivl_2", 29 0, L_0x55cf59a259d0;  1 drivers
L_0x7fb4ea4de018 .functor BUFT 1, C4<00>, C4<0>, C4<0>, C4<0>;
v0x55cf59950f60_0 .net *"_ivl_4", 1 0, L_0x7fb4ea4de018;  1 drivers
v0x55cf599ae410_0 .net *"_ivl_8", 29 0, L_0x55cf59a25c80;  1 drivers
v0x55cf599cf030_0 .net "addra", 31 0, L_0x55cf59a26450;  alias, 1 drivers
v0x55cf599fdb20_0 .net "addrb", 31 0, L_0x55cf59a39960;  alias, 1 drivers
v0x55cf599fdbc0_0 .net "clk", 0 0, v0x55cf59a256c0_0;  alias, 1 drivers
v0x55cf59a13810_0 .net "dia", 31 0, o0x7fb4ea527168;  alias, 0 drivers
v0x55cf59a138f0_0 .net "dib", 31 0, v0x55cf59a1e3f0_0;  alias, 1 drivers
v0x55cf59a139d0_0 .var "doa", 31 0;
v0x55cf59a13ab0_0 .var "dob", 31 0;
v0x55cf59a13b90_0 .var/i "i", 31 0;
v0x55cf59a13c70 .array "mem", 8191 0, 31 0;
v0x55cf59a13d30_0 .net "row_a", 31 0, L_0x55cf59a25af0;  1 drivers
v0x55cf59a13e10_0 .net "row_b", 31 0, L_0x55cf59a25d70;  1 drivers
v0x55cf59a13ef0_0 .net "wea", 3 0, o0x7fb4ea5272b8;  alias, 0 drivers
v0x55cf59a13fd0_0 .net "web", 3 0, v0x55cf59a1e640_0;  alias, 1 drivers
E_0x55cf5992fd90 .event posedge, v0x55cf599fdbc0_0;
L_0x55cf59a259d0 .part L_0x55cf59a26450, 2, 30;
L_0x55cf59a25af0 .concat [ 30 2 0 0], L_0x55cf59a259d0, L_0x7fb4ea4de018;
L_0x55cf59a25c80 .part L_0x55cf59a39960, 2, 30;
L_0x55cf59a25d70 .concat [ 30 2 0 0], L_0x55cf59a25c80, L_0x7fb4ea4de060;
S_0x55cf599cddd0 .scope module, "INST10" "ForwardUnit" 3 252, 5 3 0, S_0x55cf599e6870;
 .timescale -9 -12;
    .port_info 0 /INPUT 32 "MEM_ALU_result";
    .port_info 1 /INPUT 32 "MEM_pc";
    .port_info 2 /INPUT 32 "MEM_pc_eximm";
    .port_info 3 /INPUT 32 "WB_rd_write_data";
    .port_info 4 /INPUT 2 "MEM_RegSrc";
    .port_info 5 /INPUT 5 "EX_rs1";
    .port_info 6 /INPUT 5 "EX_rs2";
    .port_info 7 /INPUT 5 "MEM_rd";
    .port_info 8 /INPUT 5 "WB_rd";
    .port_info 9 /INPUT 3 "EX_ValidReg";
    .port_info 10 /INPUT 3 "MEM_ValidReg";
    .port_info 11 /INPUT 3 "WB_ValidReg";
    .port_info 12 /OUTPUT 1 "rs1_fwd";
    .port_info 13 /OUTPUT 1 "rs2_fwd";
    .port_info 14 /OUTPUT 32 "rs1_fwd_data";
    .port_info 15 /OUTPUT 32 "rs2_fwd_data";
L_0x55cf59a3b780 .functor AND 1, L_0x55cf59a3b640, L_0x55cf59a3b6e0, C4<1>, C4<1>;
L_0x55cf59a3b840 .functor AND 1, L_0x55cf59a3b5a0, L_0x55cf59a3b780, C4<1>, C4<1>;
L_0x55cf59a3bc90 .functor AND 1, L_0x55cf59a3b9f0, L_0x55cf59a3bb20, C4<1>, C4<1>;
L_0x55cf59a3bd00 .functor AND 1, L_0x55cf59a3b950, L_0x55cf59a3bc90, C4<1>, C4<1>;
L_0x55cf59a3c0d0 .functor AND 1, L_0x55cf59a3bf40, L_0x55cf59a3c030, C4<1>, C4<1>;
L_0x55cf59a3c190 .functor AND 1, L_0x55cf59a3be10, L_0x55cf59a3c0d0, C4<1>, C4<1>;
L_0x55cf59a3c740 .functor AND 1, L_0x55cf59a3c500, L_0x55cf59a3c5a0, C4<1>, C4<1>;
L_0x55cf59a3c7b0 .functor AND 1, L_0x55cf59a3c2e0, L_0x55cf59a3c740, C4<1>, C4<1>;
L_0x55cf59a3c870 .functor OR 1, L_0x55cf59a3b840, L_0x55cf59a3c190, C4<0>, C4<0>;
L_0x55cf59a3c6d0 .functor AND 1, L_0x55cf59a3c870, L_0x55cf59a3ca70, C4<1>, C4<1>;
L_0x55cf59a3cd80 .functor OR 1, L_0x55cf59a3bd00, L_0x55cf59a3c7b0, C4<0>, C4<0>;
L_0x55cf59a3d100 .functor AND 1, L_0x55cf59a3cd80, L_0x55cf59a3cf30, C4<1>, C4<1>;
v0x55cf59a143f0_0 .net "EX_ValidReg", 2 0, L_0x55cf59a27290;  alias, 1 drivers
v0x55cf59a144f0_0 .net "EX_rs1", 4 0, L_0x55cf59a28290;  alias, 1 drivers
v0x55cf59a145d0_0 .net "EX_rs2", 4 0, L_0x55cf59a28380;  alias, 1 drivers
v0x55cf59a14690_0 .net "MEM_ALU_result", 31 0, L_0x55cf59a3a650;  alias, 1 drivers
v0x55cf59a14770_0 .net "MEM_RegSrc", 1 0, L_0x55cf59a3a360;  alias, 1 drivers
v0x55cf59a148a0_0 .net "MEM_ValidReg", 2 0, L_0x55cf59a3a1e0;  alias, 1 drivers
v0x55cf59a14980_0 .net "MEM_pc", 31 0, L_0x55cf59a39c30;  alias, 1 drivers
v0x55cf59a14a60_0 .net "MEM_pc_eximm", 31 0, L_0x55cf59a39e60;  alias, 1 drivers
v0x55cf59a14b40_0 .net "MEM_rd", 4 0, L_0x55cf59a3a860;  alias, 1 drivers
v0x55cf59a14c20_0 .var "MEM_rd_write_data", 31 0;
v0x55cf59a14d00_0 .net "WB_ValidReg", 2 0, L_0x55cf59a3af00;  alias, 1 drivers
v0x55cf59a14de0_0 .net "WB_rd", 4 0, L_0x55cf59a3b2b0;  alias, 1 drivers
v0x55cf59a14ec0_0 .net "WB_rd_write_data", 31 0, L_0x55cf59a3b170;  alias, 1 drivers
v0x55cf59a14fa0_0 .net *"_ivl_0", 0 0, L_0x55cf59a3b5a0;  1 drivers
v0x55cf59a15060_0 .net *"_ivl_10", 0 0, L_0x55cf59a3b950;  1 drivers
v0x55cf59a15120_0 .net *"_ivl_13", 0 0, L_0x55cf59a3b9f0;  1 drivers
v0x55cf59a15200_0 .net *"_ivl_15", 0 0, L_0x55cf59a3bb20;  1 drivers
v0x55cf59a153f0_0 .net *"_ivl_17", 0 0, L_0x55cf59a3bc90;  1 drivers
v0x55cf59a154b0_0 .net *"_ivl_20", 0 0, L_0x55cf59a3be10;  1 drivers
v0x55cf59a15570_0 .net *"_ivl_23", 0 0, L_0x55cf59a3bf40;  1 drivers
v0x55cf59a15650_0 .net *"_ivl_25", 0 0, L_0x55cf59a3c030;  1 drivers
v0x55cf59a15730_0 .net *"_ivl_27", 0 0, L_0x55cf59a3c0d0;  1 drivers
v0x55cf59a157f0_0 .net *"_ivl_3", 0 0, L_0x55cf59a3b640;  1 drivers
v0x55cf59a158d0_0 .net *"_ivl_30", 0 0, L_0x55cf59a3c2e0;  1 drivers
v0x55cf59a15990_0 .net *"_ivl_33", 0 0, L_0x55cf59a3c500;  1 drivers
v0x55cf59a15a70_0 .net *"_ivl_35", 0 0, L_0x55cf59a3c5a0;  1 drivers
v0x55cf59a15b50_0 .net *"_ivl_37", 0 0, L_0x55cf59a3c740;  1 drivers
v0x55cf59a15c10_0 .net *"_ivl_41", 0 0, L_0x55cf59a3c870;  1 drivers
v0x55cf59a15cd0_0 .net *"_ivl_42", 31 0, L_0x55cf59a3c980;  1 drivers
L_0x7fb4ea4de528 .functor BUFT 1, C4<000000000000000000000000000>, C4<0>, C4<0>, C4<0>;
v0x55cf59a15db0_0 .net *"_ivl_45", 26 0, L_0x7fb4ea4de528;  1 drivers
L_0x7fb4ea4de570 .functor BUFT 1, C4<00000000000000000000000000000000>, C4<0>, C4<0>, C4<0>;
v0x55cf59a15e90_0 .net/2u *"_ivl_46", 31 0, L_0x7fb4ea4de570;  1 drivers
v0x55cf59a15f70_0 .net *"_ivl_48", 0 0, L_0x55cf59a3ca70;  1 drivers
v0x55cf59a16030_0 .net *"_ivl_5", 0 0, L_0x55cf59a3b6e0;  1 drivers
v0x55cf59a16110_0 .net *"_ivl_53", 0 0, L_0x55cf59a3cd80;  1 drivers
v0x55cf59a161d0_0 .net *"_ivl_54", 31 0, L_0x55cf59a3ce40;  1 drivers
L_0x7fb4ea4de5b8 .functor BUFT 1, C4<000000000000000000000000000>, C4<0>, C4<0>, C4<0>;
v0x55cf59a162b0_0 .net *"_ivl_57", 26 0, L_0x7fb4ea4de5b8;  1 drivers
L_0x7fb4ea4de600 .functor BUFT 1, C4<00000000000000000000000000000000>, C4<0>, C4<0>, C4<0>;
v0x55cf59a16390_0 .net/2u *"_ivl_58", 31 0, L_0x7fb4ea4de600;  1 drivers
v0x55cf59a16470_0 .net *"_ivl_60", 0 0, L_0x55cf59a3cf30;  1 drivers
v0x55cf59a16530_0 .net *"_ivl_7", 0 0, L_0x55cf59a3b780;  1 drivers
v0x55cf59a165f0_0 .net "rs1_MEM_fwd", 0 0, L_0x55cf59a3b840;  1 drivers
v0x55cf59a166b0_0 .net "rs1_WB_fwd", 0 0, L_0x55cf59a3c190;  1 drivers
v0x55cf59a16770_0 .net "rs1_fwd", 0 0, L_0x55cf59a3c6d0;  alias, 1 drivers
v0x55cf59a16830_0 .var "rs1_fwd_data", 31 0;
v0x55cf59a16910_0 .net "rs2_MEM_fwd", 0 0, L_0x55cf59a3bd00;  1 drivers
v0x55cf59a169d0_0 .net "rs2_WB_fwd", 0 0, L_0x55cf59a3c7b0;  1 drivers
v0x55cf59a16a90_0 .net "rs2_fwd", 0 0, L_0x55cf59a3d100;  alias, 1 drivers
v0x55cf59a16b50_0 .var "rs2_fwd_data", 31 0;
E_0x55cf59a00a20/0 .event edge, v0x55cf59a14770_0, v0x55cf59a14690_0, v0x55cf59a14a60_0, v0x55cf59a14980_0;
E_0x55cf59a00a20/1 .event edge, v0x55cf59a165f0_0, v0x55cf59a14c20_0, v0x55cf59a16910_0, v0x55cf59a166b0_0;
E_0x55cf59a00a20/2 .event edge, v0x55cf59a14b40_0, v0x55cf59a14de0_0, v0x55cf59a14ec0_0, v0x55cf59a169d0_0;
E_0x55cf59a00a20 .event/or E_0x55cf59a00a20/0, E_0x55cf59a00a20/1, E_0x55cf59a00a20/2;
L_0x55cf59a3b5a0 .cmp/eq 5, L_0x55cf59a28290, L_0x55cf59a3a860;
L_0x55cf59a3b640 .part L_0x55cf59a27290, 1, 1;
L_0x55cf59a3b6e0 .part L_0x55cf59a3a1e0, 0, 1;
L_0x55cf59a3b950 .cmp/eq 5, L_0x55cf59a28380, L_0x55cf59a3a860;
L_0x55cf59a3b9f0 .part L_0x55cf59a27290, 2, 1;
L_0x55cf59a3bb20 .part L_0x55cf59a3a1e0, 0, 1;
L_0x55cf59a3be10 .cmp/eq 5, L_0x55cf59a28290, L_0x55cf59a3b2b0;
L_0x55cf59a3bf40 .part L_0x55cf59a27290, 1, 1;
L_0x55cf59a3c030 .part L_0x55cf59a3af00, 0, 1;
L_0x55cf59a3c2e0 .cmp/eq 5, L_0x55cf59a28380, L_0x55cf59a3b2b0;
L_0x55cf59a3c500 .part L_0x55cf59a27290, 2, 1;
L_0x55cf59a3c5a0 .part L_0x55cf59a3af00, 0, 1;
L_0x55cf59a3c980 .concat [ 5 27 0 0], L_0x55cf59a28290, L_0x7fb4ea4de528;
L_0x55cf59a3ca70 .cmp/ne 32, L_0x55cf59a3c980, L_0x7fb4ea4de570;
L_0x55cf59a3ce40 .concat [ 5 27 0 0], L_0x55cf59a28380, L_0x7fb4ea4de5b8;
L_0x55cf59a3cf30 .cmp/ne 32, L_0x55cf59a3ce40, L_0x7fb4ea4de600;
S_0x55cf59a16e30 .scope module, "INST11" "StallUnit" 3 277, 6 3 0, S_0x55cf599e6870;
 .timescale -9 -12;
    .port_info 0 /INPUT 1 "EX_MemRead";
    .port_info 1 /INPUT 5 "EX_rd";
    .port_info 2 /INPUT 5 "ID_rs1";
    .port_info 3 /INPUT 5 "ID_rs2";
    .port_info 4 /INPUT 3 "ID_ValidReg";
    .port_info 5 /OUTPUT 1 "Stall";
v0x55cf59a170d0_0 .net "EX_MemRead", 0 0, L_0x55cf59a27920;  alias, 1 drivers
v0x55cf59a171b0_0 .net "EX_rd", 4 0, L_0x55cf59a280d0;  alias, 1 drivers
v0x55cf59a17290_0 .net "ID_ValidReg", 2 0, v0x55cf59a190f0_0;  alias, 1 drivers
v0x55cf59a17350_0 .net "ID_rs1", 4 0, L_0x55cf59a261b0;  alias, 1 drivers
v0x55cf59a17430_0 .net "ID_rs2", 4 0, L_0x55cf59a26280;  alias, 1 drivers
v0x55cf59a17560_0 .var "Stall", 0 0;
E_0x55cf59a17060/0 .event edge, v0x55cf59a170d0_0, v0x55cf59a171b0_0, v0x55cf59a17350_0, v0x55cf59a17290_0;
E_0x55cf59a17060/1 .event edge, v0x55cf59a17430_0;
E_0x55cf59a17060 .event/or E_0x55cf59a17060/0, E_0x55cf59a17060/1;
S_0x55cf59a17720 .scope module, "INST12" "Fetch" 3 324, 7 3 0, S_0x55cf599e6870;
 .timescale -9 -12;
    .port_info 0 /INPUT 1 "Branch";
    .port_info 1 /INPUT 1 "branch_taken";
    .port_info 2 /INPUT 1 "Jump";
    .port_info 3 /INPUT 1 "ALUSrc";
    .port_info 4 /INPUT 32 "pc";
    .port_info 5 /INPUT 32 "eximm";
    .port_info 6 /INPUT 32 "rs1_data";
    .port_info 7 /OUTPUT 32 "next_pc";
v0x55cf59a17a80_0 .net "ALUSrc", 0 0, L_0x55cf59a27640;  alias, 1 drivers
v0x55cf59a17b60_0 .net "Branch", 0 0, L_0x55cf59a27ba0;  alias, 1 drivers
v0x55cf59a17c20_0 .net "Jump", 0 0, L_0x55cf59a27c40;  alias, 1 drivers
v0x55cf59a17cc0_0 .net "branch_taken", 0 0, v0x55cf59a1d6b0_0;  alias, 1 drivers
v0x55cf59a17d80_0 .net "eximm", 31 0, L_0x55cf59a27fe0;  alias, 1 drivers
v0x55cf59a17eb0_0 .var "next_pc", 31 0;
v0x55cf59a17f90_0 .net "pc", 31 0, v0x55cf59a22730_0;  1 drivers
v0x55cf59a18070_0 .net "rs1_data", 31 0, L_0x55cf59a27b00;  alias, 1 drivers
E_0x55cf59a00cb0/0 .event edge, v0x55cf59a17b60_0, v0x55cf59a17cc0_0, v0x55cf59a17f90_0, v0x55cf59a17d80_0;
E_0x55cf59a00cb0/1 .event edge, v0x55cf59a17c20_0, v0x55cf59a17a80_0, v0x55cf59a18070_0;
E_0x55cf59a00cb0 .event/or E_0x55cf59a00cb0/0, E_0x55cf59a00cb0/1;
S_0x55cf59a182a0 .scope module, "INST2" "ControlUnit" 3 75, 8 3 0, S_0x55cf599e6870;
 .timescale -9 -12;
    .port_info 0 /INPUT 7 "opcode";
    .port_info 1 /OUTPUT 3 "ValidReg";
    .port_info 2 /OUTPUT 2 "ALUOp";
    .port_info 3 /OUTPUT 2 "RegSrc";
    .port_info 4 /OUTPUT 1 "ALUSrc";
    .port_info 5 /OUTPUT 1 "RegWrite";
    .port_info 6 /OUTPUT 1 "MemRead";
    .port_info 7 /OUTPUT 1 "MemWrite";
    .port_info 8 /OUTPUT 1 "Branch";
    .port_info 9 /OUTPUT 1 "Jump";
P_0x55cf599ff350 .param/l "OP_B" 1 8 26, C4<1100011>;
P_0x55cf599ff390 .param/l "OP_I" 1 8 21, C4<0010011>;
P_0x55cf599ff3d0 .param/l "OP_I_FENCE" 1 8 23, C4<0001111>;
P_0x55cf599ff410 .param/l "OP_I_JALR" 1 8 24, C4<1100111>;
P_0x55cf599ff450 .param/l "OP_I_LD" 1 8 22, C4<0000011>;
P_0x55cf599ff490 .param/l "OP_J" 1 8 29, C4<1101111>;
P_0x55cf599ff4d0 .param/l "OP_R" 1 8 20, C4<0110011>;
P_0x55cf599ff510 .param/l "OP_S" 1 8 25, C4<0100011>;
P_0x55cf599ff550 .param/l "OP_U_AUIPC" 1 8 28, C4<0010111>;
P_0x55cf599ff590 .param/l "OP_U_LUI" 1 8 27, C4<0110111>;
v0x55cf59a18a60_0 .var "ALUOp", 1 0;
v0x55cf59a18b60_0 .var "ALUSrc", 0 0;
v0x55cf59a18c20_0 .var "Branch", 0 0;
v0x55cf59a18cc0_0 .var "Jump", 0 0;
v0x55cf59a18d80_0 .var "MemRead", 0 0;
v0x55cf59a18e90_0 .var "MemWrite", 0 0;
v0x55cf59a18f50_0 .var "RegSrc", 1 0;
v0x55cf59a19030_0 .var "RegWrite", 0 0;
v0x55cf59a190f0_0 .var "ValidReg", 2 0;
v0x55cf59a191b0_0 .net "opcode", 6 0, L_0x55cf59a25f80;  alias, 1 drivers
E_0x55cf59a189e0 .event edge, v0x55cf59a191b0_0;
S_0x55cf59a19410 .scope module, "INST3" "RegFile" 3 88, 9 3 0, S_0x55cf599e6870;
 .timescale -9 -12;
    .port_info 0 /INPUT 1 "clk";
    .port_info 1 /INPUT 1 "RegWrite";
    .port_info 2 /INPUT 5 "rs1";
    .port_info 3 /INPUT 5 "rs2";
    .port_info 4 /INPUT 5 "rd";
    .port_info 5 /INPUT 32 "rd_write_data";
    .port_info 6 /OUTPUT 32 "rs1_data";
    .port_info 7 /OUTPUT 32 "rs2_data";
L_0x55cf59a26770 .functor BUFZ 32, L_0x55cf59a265e0, C4<00000000000000000000000000000000>, C4<00000000000000000000000000000000>, C4<00000000000000000000000000000000>;
L_0x55cf59a26aa0 .functor BUFZ 32, L_0x55cf59a26880, C4<00000000000000000000000000000000>, C4<00000000000000000000000000000000>, C4<00000000000000000000000000000000>;
v0x55cf59a196c0_0 .net "RegWrite", 0 0, L_0x55cf59a3a560;  alias, 1 drivers
v0x55cf59a197a0_0 .net *"_ivl_0", 31 0, L_0x55cf59a265e0;  1 drivers
v0x55cf59a19880_0 .net *"_ivl_10", 6 0, L_0x55cf59a26920;  1 drivers
L_0x7fb4ea4de0f0 .functor BUFT 1, C4<00>, C4<0>, C4<0>, C4<0>;
v0x55cf59a19940_0 .net *"_ivl_13", 1 0, L_0x7fb4ea4de0f0;  1 drivers
v0x55cf59a19a20_0 .net *"_ivl_16", 31 0, L_0x55cf59a26bb0;  1 drivers
v0x55cf59a19b50_0 .net *"_ivl_18", 6 0, L_0x55cf59a26c50;  1 drivers
v0x55cf59a19c30_0 .net *"_ivl_2", 6 0, L_0x55cf59a26680;  1 drivers
L_0x7fb4ea4de138 .functor BUFT 1, C4<00>, C4<0>, C4<0>, C4<0>;
v0x55cf59a19d10_0 .net *"_ivl_21", 1 0, L_0x7fb4ea4de138;  1 drivers
L_0x7fb4ea4de0a8 .functor BUFT 1, C4<00>, C4<0>, C4<0>, C4<0>;
v0x55cf59a19df0_0 .net *"_ivl_5", 1 0, L_0x7fb4ea4de0a8;  1 drivers
v0x55cf59a19ed0_0 .net *"_ivl_8", 31 0, L_0x55cf59a26880;  1 drivers
v0x55cf59a19fb0_0 .net "clk", 0 0, v0x55cf59a256c0_0;  alias, 1 drivers
v0x55cf59a1a050_0 .var/i "i", 31 0;
v0x55cf59a1a110_0 .net "rd", 4 0, L_0x55cf59a3a860;  alias, 1 drivers
v0x55cf59a1a1d0_0 .net "rd_data", 0 0, L_0x55cf59a26e20;  1 drivers
v0x55cf59a1a270_0 .net "rd_write_data", 31 0, v0x55cf59a23470_0;  1 drivers
v0x55cf59a1a350 .array "reg_file", 0 31, 31 0;
v0x55cf59a1a410_0 .net "rs1", 4 0, L_0x55cf59a261b0;  alias, 1 drivers
v0x55cf59a1a500_0 .net "rs1_data", 31 0, L_0x55cf59a26770;  alias, 1 drivers
v0x55cf59a1a5c0_0 .net "rs2", 4 0, L_0x55cf59a26280;  alias, 1 drivers
v0x55cf59a1a6b0_0 .net "rs2_data", 31 0, L_0x55cf59a26aa0;  alias, 1 drivers
L_0x55cf59a265e0 .array/port v0x55cf59a1a350, L_0x55cf59a26680;
L_0x55cf59a26680 .concat [ 5 2 0 0], L_0x55cf59a261b0, L_0x7fb4ea4de0a8;
L_0x55cf59a26880 .array/port v0x55cf59a1a350, L_0x55cf59a26920;
L_0x55cf59a26920 .concat [ 5 2 0 0], L_0x55cf59a26280, L_0x7fb4ea4de0f0;
L_0x55cf59a26bb0 .array/port v0x55cf59a1a350, L_0x55cf59a26c50;
L_0x55cf59a26c50 .concat [ 5 2 0 0], L_0x55cf59a3a860, L_0x7fb4ea4de138;
L_0x55cf59a26e20 .part L_0x55cf59a26bb0, 0, 1;
S_0x55cf59a1a870 .scope module, "INST4" "ImmGen" 3 99, 10 3 0, S_0x55cf599e6870;
 .timescale -9 -12;
    .port_info 0 /INPUT 32 "instruction";
    .port_info 1 /OUTPUT 32 "eximm";
P_0x55cf599fd2f0 .param/l "OP_B" 1 10 23, C4<1100011>;
P_0x55cf599fd330 .param/l "OP_I" 1 10 18, C4<0010011>;
P_0x55cf599fd370 .param/l "OP_I_FENCE" 1 10 20, C4<0001111>;
P_0x55cf599fd3b0 .param/l "OP_I_JALR" 1 10 21, C4<1100111>;
P_0x55cf599fd3f0 .param/l "OP_I_LD" 1 10 19, C4<0000011>;
P_0x55cf599fd430 .param/l "OP_J" 1 10 26, C4<1101111>;
P_0x55cf599fd470 .param/l "OP_S" 1 10 22, C4<0100011>;
P_0x55cf599fd4b0 .param/l "OP_U_AUIPC" 1 10 25, C4<0010111>;
P_0x55cf599fd4f0 .param/l "OP_U_LUI" 1 10 24, C4<0110111>;
v0x55cf59a1af30_0 .var "eximm", 31 0;
v0x55cf59a1b030_0 .var "eximm1", 31 0;
v0x55cf59a1b110_0 .var "eximm2", 31 0;
v0x55cf59a1b1d0_0 .var "eximm3", 31 0;
v0x55cf59a1b2b0_0 .var "eximm4", 31 0;
v0x55cf59a1b3e0_0 .var "funct3", 2 0;
v0x55cf59a1b4c0_0 .net "instruction", 31 0, L_0x55cf599ff220;  alias, 1 drivers
v0x55cf59a1b5a0_0 .var "intimm1", 11 0;
v0x55cf59a1b680_0 .var "intimm2", 19 0;
v0x55cf59a1b760_0 .var "opcode", 6 0;
E_0x55cf59a1ae80/0 .event edge, v0x55cf59a1b4c0_0, v0x55cf59a1b760_0, v0x55cf59a1b3e0_0, v0x55cf59a1b5a0_0;
E_0x55cf59a1ae80/1 .event edge, v0x55cf59a1b680_0, v0x55cf59a1b110_0, v0x55cf59a1b1d0_0, v0x55cf59a1b2b0_0;
E_0x55cf59a1ae80/2 .event edge, v0x55cf59a1b030_0;
E_0x55cf59a1ae80 .event/or E_0x55cf59a1ae80/0, E_0x55cf59a1ae80/1, E_0x55cf59a1ae80/2;
S_0x55cf59a1b8a0 .scope module, "INST5" "ALUControl" 3 104, 11 3 0, S_0x55cf599e6870;
 .timescale -9 -12;
    .port_info 0 /INPUT 7 "funct7";
    .port_info 1 /INPUT 3 "funct3";
    .port_info 2 /INPUT 2 "ALUOp";
    .port_info 3 /INPUT 1 "regbit";
    .port_info 4 /OUTPUT 4 "field";
v0x55cf59a1baa0_0 .net "ALUOp", 1 0, v0x55cf59a18a60_0;  alias, 1 drivers
v0x55cf59a1bbb0_0 .var "field", 3 0;
v0x55cf59a1bc70_0 .net "funct3", 2 0, L_0x55cf59a26110;  alias, 1 drivers
v0x55cf59a1bd60_0 .net "funct7", 6 0, L_0x55cf59a26320;  alias, 1 drivers
v0x55cf59a1be40_0 .net "regbit", 0 0, L_0x55cf59a26f10;  1 drivers
E_0x55cf59a1ba30 .event edge, v0x55cf59a18a60_0, v0x55cf59a1be40_0, v0x55cf59a1bd60_0, v0x55cf59a1bc70_0;
S_0x55cf59a1bff0 .scope module, "INST6" "ALU" 3 164, 12 3 0, S_0x55cf599e6870;
 .timescale -9 -12;
    .port_info 0 /INPUT 32 "op1";
    .port_info 1 /INPUT 32 "op2";
    .port_info 2 /INPUT 4 "field";
    .port_info 3 /OUTPUT 32 "ALU_result";
    .port_info 4 /OUTPUT 1 "zero";
    .port_info 5 /OUTPUT 1 "sign";
    .port_info 6 /OUTPUT 1 "overflow";
    .port_info 7 /OUTPUT 1 "carry";
P_0x55cf59a1c260 .param/l "ADD" 1 12 11, C4<0000>;
P_0x55cf59a1c2a0 .param/l "AND" 1 12 13, C4<0111>;
P_0x55cf59a1c2e0 .param/l "OR" 1 12 14, C4<0110>;
P_0x55cf59a1c320 .param/l "SLL" 1 12 16, C4<0001>;
P_0x55cf59a1c360 .param/l "SLT" 1 12 19, C4<0010>;
P_0x55cf59a1c3a0 .param/l "SLTU" 1 12 20, C4<0011>;
P_0x55cf59a1c3e0 .param/l "SRA" 1 12 18, C4<1101>;
P_0x55cf59a1c420 .param/l "SRL" 1 12 17, C4<0101>;
P_0x55cf59a1c460 .param/l "SUB" 1 12 12, C4<1000>;
P_0x55cf59a1c4a0 .param/l "XOR" 1 12 15, C4<0100>;
v0x55cf59a1cab0_0 .var "ALU_result", 31 0;
v0x55cf59a1cbb0_0 .var "carry", 0 0;
v0x55cf59a1cc70_0 .net "field", 3 0, L_0x55cf59a271f0;  alias, 1 drivers
v0x55cf59a1cd30_0 .net "op1", 31 0, L_0x55cf59a39600;  alias, 1 drivers
v0x55cf59a1ce10_0 .net "op2", 31 0, L_0x55cf59a39790;  alias, 1 drivers
v0x55cf59a1cf40_0 .var "overflow", 0 0;
v0x55cf59a1d000_0 .var "sign", 0 0;
v0x55cf59a1d0c0_0 .var "zero", 0 0;
E_0x55cf59a1ca40 .event edge, v0x55cf59a1cab0_0, v0x55cf59a1cd30_0, v0x55cf59a1ce10_0, v0x55cf59a1cc70_0;
S_0x55cf59a1d2d0 .scope module, "INST7" "BPU" 3 177, 13 3 0, S_0x55cf599e6870;
 .timescale -9 -12;
    .port_info 0 /INPUT 1 "Branch";
    .port_info 1 /INPUT 1 "zero";
    .port_info 2 /INPUT 1 "sign";
    .port_info 3 /INPUT 1 "overflow";
    .port_info 4 /INPUT 1 "carry";
    .port_info 5 /INPUT 3 "funct3";
    .port_info 6 /OUTPUT 1 "branch_taken";
v0x55cf59a1d5f0_0 .net "Branch", 0 0, L_0x55cf59a27ba0;  alias, 1 drivers
v0x55cf59a1d6b0_0 .var "branch_taken", 0 0;
v0x55cf59a1d780_0 .net "carry", 0 0, v0x55cf59a1cbb0_0;  alias, 1 drivers
v0x55cf59a1d880_0 .net "funct3", 2 0, L_0x55cf59a270a0;  alias, 1 drivers
v0x55cf59a1d920_0 .net "overflow", 0 0, v0x55cf59a1cf40_0;  alias, 1 drivers
v0x55cf59a1da10_0 .net "sign", 0 0, v0x55cf59a1d000_0;  alias, 1 drivers
v0x55cf59a1dae0_0 .net "zero", 0 0, v0x55cf59a1d0c0_0;  alias, 1 drivers
E_0x55cf59a1d550/0 .event edge, v0x55cf59a17b60_0, v0x55cf59a1d880_0, v0x55cf59a1d0c0_0, v0x55cf59a1d000_0;
E_0x55cf59a1d550/1 .event edge, v0x55cf59a1cf40_0, v0x55cf59a1cbb0_0;
E_0x55cf59a1d550 .event/or E_0x55cf59a1d550/0, E_0x55cf59a1d550/1;
S_0x55cf59a1dc30 .scope module, "INST8" "Store" 3 192, 14 3 0, S_0x55cf599e6870;
 .timescale -9 -12;
    .port_info 0 /INPUT 1 "MemWrite";
    .port_info 1 /INPUT 32 "addrb";
    .port_info 2 /INPUT 32 "rs2_data";
    .port_info 3 /INPUT 3 "funct3";
    .port_info 4 /OUTPUT 4 "web";
    .port_info 5 /OUTPUT 32 "dib";
v0x55cf59a1df40_0 .net "MemWrite", 0 0, L_0x55cf59a27a10;  alias, 1 drivers
L_0x7fb4ea4de408 .functor BUFT 1, C4<00000000000000000000000000000100>, C4<0>, C4<0>, C4<0>;
v0x55cf59a1e020_0 .net/2u *"_ivl_0", 31 0, L_0x7fb4ea4de408;  1 drivers
v0x55cf59a1e100_0 .net *"_ivl_2", 31 0, L_0x55cf59a39a60;  1 drivers
v0x55cf59a1e1f0_0 .net "addrb", 31 0, v0x55cf59a1cab0_0;  alias, 1 drivers
v0x55cf59a1e2e0_0 .net "byte_offset", 1 0, L_0x55cf59a39b90;  1 drivers
v0x55cf59a1e3f0_0 .var "dib", 31 0;
v0x55cf59a1e4b0_0 .net "funct3", 2 0, L_0x55cf59a270a0;  alias, 1 drivers
v0x55cf59a1e580_0 .net "rs2_data", 31 0, L_0x55cf59a27e30;  alias, 1 drivers
v0x55cf59a1e640_0 .var "web", 3 0;
E_0x55cf59a1deb0 .event edge, v0x55cf59a1df40_0, v0x55cf59a1d880_0, v0x55cf59a1e2e0_0, v0x55cf59a1e580_0;
L_0x55cf59a39a60 .arith/mod 32, v0x55cf59a1cab0_0, L_0x7fb4ea4de408;
L_0x55cf59a39b90 .part L_0x55cf59a39a60, 0, 2;
S_0x55cf59a1e8a0 .scope module, "INST9" "Load" 3 225, 15 3 0, S_0x55cf599e6870;
 .timescale -9 -12;
    .port_info 0 /INPUT 32 "addrb";
    .port_info 1 /INPUT 3 "funct3";
    .port_info 2 /INPUT 32 "DMEM_word";
    .port_info 3 /OUTPUT 32 "DMEM_result";
v0x55cf59a1eaa0_0 .var "DMEM_result", 31 0;
v0x55cf59a1eba0_0 .net "DMEM_shifted_word", 31 0, L_0x55cf59a3ae10;  1 drivers
v0x55cf59a1ec80_0 .net "DMEM_word", 31 0, v0x55cf59a13ab0_0;  alias, 1 drivers
L_0x7fb4ea4de450 .functor BUFT 1, C4<00000000000000000000000000000100>, C4<0>, C4<0>, C4<0>;
v0x55cf59a1ed80_0 .net/2u *"_ivl_0", 31 0, L_0x7fb4ea4de450;  1 drivers
L_0x7fb4ea4de4e0 .functor BUFT 1, C4<00000000000000000000000000001000>, C4<0>, C4<0>, C4<0>;
v0x55cf59a1ee40_0 .net/2u *"_ivl_10", 31 0, L_0x7fb4ea4de4e0;  1 drivers
v0x55cf59a1ef70_0 .net *"_ivl_13", 31 0, L_0x55cf59a3acd0;  1 drivers
v0x55cf59a1f050_0 .net *"_ivl_2", 31 0, L_0x55cf59a3aa50;  1 drivers
v0x55cf59a1f130_0 .net *"_ivl_6", 31 0, L_0x55cf59a3ab90;  1 drivers
L_0x7fb4ea4de498 .functor BUFT 1, C4<000000000000000000000000000000>, C4<0>, C4<0>, C4<0>;
v0x55cf59a1f210_0 .net *"_ivl_9", 29 0, L_0x7fb4ea4de498;  1 drivers
v0x55cf59a1f380_0 .net "addrb", 31 0, L_0x55cf59a3a650;  alias, 1 drivers
v0x55cf59a1f440_0 .net "byte_offset", 1 0, L_0x55cf59a3aaf0;  1 drivers
v0x55cf59a1f500_0 .net "funct3", 2 0, L_0x55cf59a39fa0;  alias, 1 drivers
E_0x55cf59a1d460 .event edge, v0x55cf59a1f500_0, v0x55cf59a1eba0_0;
L_0x55cf59a3aa50 .arith/mod 32, L_0x55cf59a3a650, L_0x7fb4ea4de450;
L_0x55cf59a3aaf0 .part L_0x55cf59a3aa50, 0, 2;
L_0x55cf59a3ab90 .concat [ 2 30 0 0], L_0x55cf59a3aaf0, L_0x7fb4ea4de498;
L_0x55cf59a3acd0 .arith/mult 32, L_0x55cf59a3ab90, L_0x7fb4ea4de4e0;
L_0x55cf59a3ae10 .shift/r 32, v0x55cf59a13ab0_0, L_0x55cf59a3acd0;
    .scope S_0x55cf599ccfa0;
T_0 ;
    %pushi/vec4 0, 0, 32;
    %store/vec4 v0x55cf59a13b90_0, 0, 32;
T_0.0 ;
    %load/vec4 v0x55cf59a13b90_0;
    %cmpi/u 8191, 0, 32;
    %jmp/0xz T_0.1, 5;
    %pushi/vec4 0, 0, 32;
    %ix/getv/s 4, v0x55cf59a13b90_0;
    %store/vec4a v0x55cf59a13c70, 4, 0;
    %load/vec4 v0x55cf59a13b90_0;
    %addi 1, 0, 32;
    %store/vec4 v0x55cf59a13b90_0, 0, 32;
    %jmp T_0.0;
T_0.1 ;
    %end;
    .thread T_0;
    .scope S_0x55cf599ccfa0;
T_1 ;
    %wait E_0x55cf5992fd90;
    %pushi/vec4 0, 0, 32;
    %store/vec4 v0x55cf59a13b90_0, 0, 32;
T_1.0 ;
    %load/vec4 v0x55cf59a13b90_0;
    %cmpi/s 4, 0, 32;
    %jmp/0xz T_1.1, 5;
    %load/vec4 v0x55cf59a13ef0_0;
    %load/vec4 v0x55cf59a13b90_0;
    %part/s 1;
    %flag_set/vec4 8;
    %jmp/0xz  T_1.2, 8;
    %load/vec4 v0x55cf59a13810_0;
    %load/vec4 v0x55cf59a13b90_0;
    %muli 8, 0, 32;
    %part/s 8;
    %ix/getv 4, v0x55cf59a13d30_0;
    %flag_mov 8, 4;
    %load/vec4 v0x55cf59a13b90_0;
    %muli 8, 0, 32;
    %ix/vec4/s 5;
    %flag_or 8, 4;
    %ix/load 6, 0, 0; Constant delay
    %ix/mov 3, 4;
    %flag_mov 4, 8;
    %assign/vec4/a/d v0x55cf59a13c70, 5, 6;
T_1.2 ;
    %load/vec4 v0x55cf59a13b90_0;
    %addi 1, 0, 32;
    %store/vec4 v0x55cf59a13b90_0, 0, 32;
    %jmp T_1.0;
T_1.1 ;
    %ix/getv 4, v0x55cf59a13d30_0;
    %load/vec4a v0x55cf59a13c70, 4;
    %assign/vec4 v0x55cf59a139d0_0, 0;
    %pushi/vec4 0, 0, 32;
    %store/vec4 v0x55cf59a13b90_0, 0, 32;
T_1.4 ;
    %load/vec4 v0x55cf59a13b90_0;
    %cmpi/s 4, 0, 32;
    %jmp/0xz T_1.5, 5;
    %load/vec4 v0x55cf59a13fd0_0;
    %load/vec4 v0x55cf59a13b90_0;
    %part/s 1;
    %flag_set/vec4 8;
    %jmp/0xz  T_1.6, 8;
    %load/vec4 v0x55cf59a138f0_0;
    %load/vec4 v0x55cf59a13b90_0;
    %muli 8, 0, 32;
    %part/s 8;
    %ix/getv 4, v0x55cf59a13e10_0;
    %flag_mov 8, 4;
    %load/vec4 v0x55cf59a13b90_0;
    %muli 8, 0, 32;
    %ix/vec4/s 5;
    %flag_or 8, 4;
    %ix/load 6, 0, 0; Constant delay
    %ix/mov 3, 4;
    %flag_mov 4, 8;
    %assign/vec4/a/d v0x55cf59a13c70, 5, 6;
T_1.6 ;
    %load/vec4 v0x55cf59a13b90_0;
    %addi 1, 0, 32;
    %store/vec4 v0x55cf59a13b90_0, 0, 32;
    %jmp T_1.4;
T_1.5 ;
    %ix/getv 4, v0x55cf59a13e10_0;
    %load/vec4a v0x55cf59a13c70, 4;
    %assign/vec4 v0x55cf59a13ab0_0, 0;
    %jmp T_1;
    .thread T_1;
    .scope S_0x55cf59a182a0;
T_2 ;
    %wait E_0x55cf59a189e0;
    %pushi/vec4 0, 0, 2;
    %store/vec4 v0x55cf59a18a60_0, 0, 2;
    %pushi/vec4 0, 0, 2;
    %store/vec4 v0x55cf59a18f50_0, 0, 2;
    %pushi/vec4 0, 0, 1;
    %store/vec4 v0x55cf59a18b60_0, 0, 1;
    %pushi/vec4 1, 0, 1;
    %store/vec4 v0x55cf59a19030_0, 0, 1;
    %pushi/vec4 0, 0, 1;
    %store/vec4 v0x55cf59a18d80_0, 0, 1;
    %pushi/vec4 0, 0, 1;
    %store/vec4 v0x55cf59a18e90_0, 0, 1;
    %pushi/vec4 0, 0, 1;
    %store/vec4 v0x55cf59a18c20_0, 0, 1;
    %pushi/vec4 0, 0, 1;
    %store/vec4 v0x55cf59a18cc0_0, 0, 1;
    %load/vec4 v0x55cf59a191b0_0;
    %dup/vec4;
    %pushi/vec4 51, 0, 7;
    %cmp/u;
    %jmp/1 T_2.0, 6;
    %dup/vec4;
    %pushi/vec4 19, 0, 7;
    %cmp/u;
    %jmp/1 T_2.1, 6;
    %dup/vec4;
    %pushi/vec4 3, 0, 7;
    %cmp/u;
    %jmp/1 T_2.2, 6;
    %dup/vec4;
    %pushi/vec4 103, 0, 7;
    %cmp/u;
    %jmp/1 T_2.3, 6;
    %dup/vec4;
    %pushi/vec4 15, 0, 7;
    %cmp/u;
    %jmp/1 T_2.4, 6;
    %dup/vec4;
    %pushi/vec4 35, 0, 7;
    %cmp/u;
    %jmp/1 T_2.5, 6;
    %dup/vec4;
    %pushi/vec4 55, 0, 7;
    %cmp/u;
    %jmp/1 T_2.6, 6;
    %dup/vec4;
    %pushi/vec4 23, 0, 7;
    %cmp/u;
    %jmp/1 T_2.7, 6;
    %dup/vec4;
    %pushi/vec4 111, 0, 7;
    %cmp/u;
    %jmp/1 T_2.8, 6;
    %dup/vec4;
    %pushi/vec4 99, 0, 7;
    %cmp/u;
    %jmp/1 T_2.9, 6;
    %pushi/vec4 0, 0, 1;
    %store/vec4 v0x55cf59a19030_0, 0, 1;
    %pushi/vec4 0, 0, 3;
    %store/vec4 v0x55cf59a190f0_0, 0, 3;
    %jmp T_2.11;
T_2.0 ;
    %pushi/vec4 7, 0, 3;
    %store/vec4 v0x55cf59a190f0_0, 0, 3;
    %jmp T_2.11;
T_2.1 ;
    %pushi/vec4 1, 0, 1;
    %store/vec4 v0x55cf59a18b60_0, 0, 1;
    %pushi/vec4 3, 0, 3;
    %store/vec4 v0x55cf59a190f0_0, 0, 3;
    %jmp T_2.11;
T_2.2 ;
    %pushi/vec4 1, 0, 2;
    %store/vec4 v0x55cf59a18a60_0, 0, 2;
    %pushi/vec4 1, 0, 1;
    %store/vec4 v0x55cf59a18b60_0, 0, 1;
    %pushi/vec4 1, 0, 1;
    %store/vec4 v0x55cf59a18d80_0, 0, 1;
    %pushi/vec4 1, 0, 2;
    %store/vec4 v0x55cf59a18f50_0, 0, 2;
    %pushi/vec4 3, 0, 3;
    %store/vec4 v0x55cf59a190f0_0, 0, 3;
    %jmp T_2.11;
T_2.3 ;
    %pushi/vec4 3, 0, 2;
    %store/vec4 v0x55cf59a18f50_0, 0, 2;
    %pushi/vec4 1, 0, 1;
    %store/vec4 v0x55cf59a18b60_0, 0, 1;
    %pushi/vec4 1, 0, 1;
    %store/vec4 v0x55cf59a18cc0_0, 0, 1;
    %pushi/vec4 3, 0, 3;
    %store/vec4 v0x55cf59a190f0_0, 0, 3;
    %jmp T_2.11;
T_2.4 ;
    %pushi/vec4 0, 0, 1;
    %store/vec4 v0x55cf59a19030_0, 0, 1;
    %pushi/vec4 3, 0, 3;
    %store/vec4 v0x55cf59a190f0_0, 0, 3;
    %jmp T_2.11;
T_2.5 ;
    %pushi/vec4 1, 0, 2;
    %store/vec4 v0x55cf59a18a60_0, 0, 2;
    %pushi/vec4 1, 0, 1;
    %store/vec4 v0x55cf59a18b60_0, 0, 1;
    %pushi/vec4 0, 0, 1;
    %store/vec4 v0x55cf59a19030_0, 0, 1;
    %pushi/vec4 1, 0, 1;
    %store/vec4 v0x55cf59a18e90_0, 0, 1;
    %pushi/vec4 6, 0, 3;
    %store/vec4 v0x55cf59a190f0_0, 0, 3;
    %jmp T_2.11;
T_2.6 ;
    %pushi/vec4 1, 0, 2;
    %store/vec4 v0x55cf59a18a60_0, 0, 2;
    %pushi/vec4 1, 0, 1;
    %store/vec4 v0x55cf59a18b60_0, 0, 1;
    %pushi/vec4 1, 0, 3;
    %store/vec4 v0x55cf59a190f0_0, 0, 3;
    %jmp T_2.11;
T_2.7 ;
    %pushi/vec4 2, 0, 2;
    %store/vec4 v0x55cf59a18f50_0, 0, 2;
    %pushi/vec4 1, 0, 3;
    %store/vec4 v0x55cf59a190f0_0, 0, 3;
    %jmp T_2.11;
T_2.8 ;
    %pushi/vec4 3, 0, 2;
    %store/vec4 v0x55cf59a18f50_0, 0, 2;
    %pushi/vec4 1, 0, 1;
    %store/vec4 v0x55cf59a18cc0_0, 0, 1;
    %pushi/vec4 1, 0, 3;
    %store/vec4 v0x55cf59a190f0_0, 0, 3;
    %jmp T_2.11;
T_2.9 ;
    %pushi/vec4 2, 0, 2;
    %store/vec4 v0x55cf59a18a60_0, 0, 2;
    %pushi/vec4 0, 0, 1;
    %store/vec4 v0x55cf59a19030_0, 0, 1;
    %pushi/vec4 1, 0, 1;
    %store/vec4 v0x55cf59a18c20_0, 0, 1;
    %pushi/vec4 6, 0, 3;
    %store/vec4 v0x55cf59a190f0_0, 0, 3;
    %jmp T_2.11;
T_2.11 ;
    %pop/vec4 1;
    %jmp T_2;
    .thread T_2, $push;
    .scope S_0x55cf59a19410;
T_3 ;
    %pushi/vec4 0, 0, 32;
    %store/vec4 v0x55cf59a1a050_0, 0, 32;
T_3.0 ;
    %load/vec4 v0x55cf59a1a050_0;
    %cmpi/s 32, 0, 32;
    %jmp/0xz T_3.1, 5;
    %pushi/vec4 0, 0, 32;
    %ix/getv/s 4, v0x55cf59a1a050_0;
    %store/vec4a v0x55cf59a1a350, 4, 0;
    %load/vec4 v0x55cf59a1a050_0;
    %addi 1, 0, 32;
    %store/vec4 v0x55cf59a1a050_0, 0, 32;
    %jmp T_3.0;
T_3.1 ;
    %end;
    .thread T_3;
    .scope S_0x55cf59a19410;
T_4 ;
    %wait E_0x55cf5992fd90;
    %pushi/vec4 0, 0, 32;
    %load/vec4 v0x55cf59a1a110_0;
    %pad/u 32;
    %cmp/u;
    %flag_get/vec4 5;
    %load/vec4 v0x55cf59a196c0_0;
    %and;
    %flag_set/vec4 8;
    %jmp/0xz  T_4.0, 8;
    %load/vec4 v0x55cf59a1a270_0;
    %load/vec4 v0x55cf59a1a110_0;
    %pad/u 7;
    %ix/vec4 3;
    %ix/load 4, 0, 0; Constant delay
    %assign/vec4/a/d v0x55cf59a1a350, 0, 4;
T_4.0 ;
    %jmp T_4;
    .thread T_4;
    .scope S_0x55cf59a1a870;
T_5 ;
    %wait E_0x55cf59a1ae80;
    %load/vec4 v0x55cf59a1b4c0_0;
    %parti/s 7, 0, 2;
    %store/vec4 v0x55cf59a1b760_0, 0, 7;
    %load/vec4 v0x55cf59a1b4c0_0;
    %parti/s 3, 12, 5;
    %store/vec4 v0x55cf59a1b3e0_0, 0, 3;
    %load/vec4 v0x55cf59a1b760_0;
    %dup/vec4;
    %pushi/vec4 19, 0, 7;
    %cmp/u;
    %jmp/1 T_5.0, 6;
    %dup/vec4;
    %pushi/vec4 3, 0, 7;
    %cmp/u;
    %jmp/1 T_5.1, 6;
    %dup/vec4;
    %pushi/vec4 15, 0, 7;
    %cmp/u;
    %jmp/1 T_5.2, 6;
    %dup/vec4;
    %pushi/vec4 103, 0, 7;
    %cmp/u;
    %jmp/1 T_5.3, 6;
    %dup/vec4;
    %pushi/vec4 35, 0, 7;
    %cmp/u;
    %jmp/1 T_5.4, 6;
    %dup/vec4;
    %pushi/vec4 99, 0, 7;
    %cmp/u;
    %jmp/1 T_5.5, 6;
    %dup/vec4;
    %pushi/vec4 55, 0, 7;
    %cmp/u;
    %jmp/1 T_5.6, 6;
    %dup/vec4;
    %pushi/vec4 23, 0, 7;
    %cmp/u;
    %jmp/1 T_5.7, 6;
    %dup/vec4;
    %pushi/vec4 111, 0, 7;
    %cmp/u;
    %jmp/1 T_5.8, 6;
    %pushi/vec4 0, 0, 12;
    %store/vec4 v0x55cf59a1b5a0_0, 0, 12;
    %pushi/vec4 0, 0, 20;
    %store/vec4 v0x55cf59a1b680_0, 0, 20;
    %jmp T_5.10;
T_5.0 ;
    %load/vec4 v0x55cf59a1b760_0;
    %pushi/vec4 19, 0, 7;
    %cmp/e;
    %flag_get/vec4 4;
    %load/vec4 v0x55cf59a1b3e0_0;
    %pushi/vec4 1, 0, 3;
    %cmp/e;
    %flag_get/vec4 4;
    %load/vec4 v0x55cf59a1b3e0_0;
    %pushi/vec4 5, 0, 3;
    %cmp/e;
    %flag_get/vec4 4;
    %or;
    %and;
    %flag_set/vec4 8;
    %jmp/0 T_5.11, 8;
    %pushi/vec4 0, 0, 7;
    %load/vec4 v0x55cf59a1b4c0_0;
    %parti/s 5, 20, 6;
    %concat/vec4; draw_concat_vec4
    %jmp/1 T_5.12, 8;
T_5.11 ; End of true expr.
    %load/vec4 v0x55cf59a1b4c0_0;
    %parti/s 12, 20, 6;
    %jmp/0 T_5.12, 8;
 ; End of false expr.
    %blend;
T_5.12;
    %store/vec4 v0x55cf59a1b5a0_0, 0, 12;
    %pushi/vec4 0, 0, 20;
    %store/vec4 v0x55cf59a1b680_0, 0, 20;
    %jmp T_5.10;
T_5.1 ;
    %load/vec4 v0x55cf59a1b760_0;
    %pushi/vec4 19, 0, 7;
    %cmp/e;
    %flag_get/vec4 4;
    %load/vec4 v0x55cf59a1b3e0_0;
    %pushi/vec4 1, 0, 3;
    %cmp/e;
    %flag_get/vec4 4;
    %load/vec4 v0x55cf59a1b3e0_0;
    %pushi/vec4 5, 0, 3;
    %cmp/e;
    %flag_get/vec4 4;
    %or;
    %and;
    %flag_set/vec4 8;
    %jmp/0 T_5.13, 8;
    %pushi/vec4 0, 0, 7;
    %load/vec4 v0x55cf59a1b4c0_0;
    %parti/s 5, 20, 6;
    %concat/vec4; draw_concat_vec4
    %jmp/1 T_5.14, 8;
T_5.13 ; End of true expr.
    %load/vec4 v0x55cf59a1b4c0_0;
    %parti/s 12, 20, 6;
    %jmp/0 T_5.14, 8;
 ; End of false expr.
    %blend;
T_5.14;
    %store/vec4 v0x55cf59a1b5a0_0, 0, 12;
    %pushi/vec4 0, 0, 20;
    %store/vec4 v0x55cf59a1b680_0, 0, 20;
    %jmp T_5.10;
T_5.2 ;
    %load/vec4 v0x55cf59a1b760_0;
    %pushi/vec4 19, 0, 7;
    %cmp/e;
    %flag_get/vec4 4;
    %load/vec4 v0x55cf59a1b3e0_0;
    %pushi/vec4 1, 0, 3;
    %cmp/e;
    %flag_get/vec4 4;
    %load/vec4 v0x55cf59a1b3e0_0;
    %pushi/vec4 5, 0, 3;
    %cmp/e;
    %flag_get/vec4 4;
    %or;
    %and;
    %flag_set/vec4 8;
    %jmp/0 T_5.15, 8;
    %pushi/vec4 0, 0, 7;
    %load/vec4 v0x55cf59a1b4c0_0;
    %parti/s 5, 20, 6;
    %concat/vec4; draw_concat_vec4
    %jmp/1 T_5.16, 8;
T_5.15 ; End of true expr.
    %load/vec4 v0x55cf59a1b4c0_0;
    %parti/s 12, 20, 6;
    %jmp/0 T_5.16, 8;
 ; End of false expr.
    %blend;
T_5.16;
    %store/vec4 v0x55cf59a1b5a0_0, 0, 12;
    %pushi/vec4 0, 0, 20;
    %store/vec4 v0x55cf59a1b680_0, 0, 20;
    %jmp T_5.10;
T_5.3 ;
    %load/vec4 v0x55cf59a1b760_0;
    %pushi/vec4 19, 0, 7;
    %cmp/e;
    %flag_get/vec4 4;
    %load/vec4 v0x55cf59a1b3e0_0;
    %pushi/vec4 1, 0, 3;
    %cmp/e;
    %flag_get/vec4 4;
    %load/vec4 v0x55cf59a1b3e0_0;
    %pushi/vec4 5, 0, 3;
    %cmp/e;
    %flag_get/vec4 4;
    %or;
    %and;
    %flag_set/vec4 8;
    %jmp/0 T_5.17, 8;
    %pushi/vec4 0, 0, 7;
    %load/vec4 v0x55cf59a1b4c0_0;
    %parti/s 5, 20, 6;
    %concat/vec4; draw_concat_vec4
    %jmp/1 T_5.18, 8;
T_5.17 ; End of true expr.
    %load/vec4 v0x55cf59a1b4c0_0;
    %parti/s 12, 20, 6;
    %jmp/0 T_5.18, 8;
 ; End of false expr.
    %blend;
T_5.18;
    %store/vec4 v0x55cf59a1b5a0_0, 0, 12;
    %pushi/vec4 0, 0, 20;
    %store/vec4 v0x55cf59a1b680_0, 0, 20;
    %jmp T_5.10;
T_5.4 ;
    %load/vec4 v0x55cf59a1b4c0_0;
    %parti/s 7, 25, 6;
    %load/vec4 v0x55cf59a1b4c0_0;
    %parti/s 5, 7, 4;
    %concat/vec4; draw_concat_vec4
    %store/vec4 v0x55cf59a1b5a0_0, 0, 12;
    %pushi/vec4 0, 0, 20;
    %store/vec4 v0x55cf59a1b680_0, 0, 20;
    %jmp T_5.10;
T_5.5 ;
    %load/vec4 v0x55cf59a1b4c0_0;
    %parti/s 1, 31, 6;
    %load/vec4 v0x55cf59a1b4c0_0;
    %parti/s 1, 7, 4;
    %concat/vec4; draw_concat_vec4
    %load/vec4 v0x55cf59a1b4c0_0;
    %parti/s 6, 25, 6;
    %concat/vec4; draw_concat_vec4
    %load/vec4 v0x55cf59a1b4c0_0;
    %parti/s 4, 8, 5;
    %concat/vec4; draw_concat_vec4
    %store/vec4 v0x55cf59a1b5a0_0, 0, 12;
    %pushi/vec4 0, 0, 20;
    %store/vec4 v0x55cf59a1b680_0, 0, 20;
    %jmp T_5.10;
T_5.6 ;
    %pushi/vec4 0, 0, 12;
    %store/vec4 v0x55cf59a1b5a0_0, 0, 12;
    %load/vec4 v0x55cf59a1b4c0_0;
    %parti/s 20, 12, 5;
    %store/vec4 v0x55cf59a1b680_0, 0, 20;
    %jmp T_5.10;
T_5.7 ;
    %pushi/vec4 0, 0, 12;
    %store/vec4 v0x55cf59a1b5a0_0, 0, 12;
    %load/vec4 v0x55cf59a1b4c0_0;
    %parti/s 20, 12, 5;
    %store/vec4 v0x55cf59a1b680_0, 0, 20;
    %jmp T_5.10;
T_5.8 ;
    %pushi/vec4 0, 0, 12;
    %store/vec4 v0x55cf59a1b5a0_0, 0, 12;
    %load/vec4 v0x55cf59a1b4c0_0;
    %parti/s 1, 31, 6;
    %load/vec4 v0x55cf59a1b4c0_0;
    %parti/s 8, 12, 5;
    %concat/vec4; draw_concat_vec4
    %load/vec4 v0x55cf59a1b4c0_0;
    %parti/s 1, 20, 6;
    %concat/vec4; draw_concat_vec4
    %load/vec4 v0x55cf59a1b4c0_0;
    %parti/s 10, 21, 6;
    %concat/vec4; draw_concat_vec4
    %store/vec4 v0x55cf59a1b680_0, 0, 20;
    %jmp T_5.10;
T_5.10 ;
    %pop/vec4 1;
    %load/vec4 v0x55cf59a1b5a0_0;
    %parti/s 1, 11, 5;
    %replicate 20;
    %load/vec4 v0x55cf59a1b5a0_0;
    %concat/vec4; draw_concat_vec4
    %store/vec4 v0x55cf59a1b030_0, 0, 32;
    %load/vec4 v0x55cf59a1b680_0;
    %parti/s 1, 19, 6;
    %replicate 11;
    %load/vec4 v0x55cf59a1b680_0;
    %concat/vec4; draw_concat_vec4
    %concati/vec4 0, 0, 1;
    %store/vec4 v0x55cf59a1b110_0, 0, 32;
    %load/vec4 v0x55cf59a1b680_0;
    %concati/vec4 0, 0, 12;
    %store/vec4 v0x55cf59a1b1d0_0, 0, 32;
    %load/vec4 v0x55cf59a1b5a0_0;
    %parti/s 1, 11, 5;
    %replicate 19;
    %load/vec4 v0x55cf59a1b5a0_0;
    %concat/vec4; draw_concat_vec4
    %concati/vec4 0, 0, 1;
    %store/vec4 v0x55cf59a1b2b0_0, 0, 32;
    %load/vec4 v0x55cf59a1b760_0;
    %dup/vec4;
    %pushi/vec4 111, 0, 7;
    %cmp/u;
    %jmp/1 T_5.19, 6;
    %dup/vec4;
    %pushi/vec4 55, 0, 7;
    %cmp/u;
    %jmp/1 T_5.20, 6;
    %dup/vec4;
    %pushi/vec4 23, 0, 7;
    %cmp/u;
    %jmp/1 T_5.21, 6;
    %dup/vec4;
    %pushi/vec4 99, 0, 7;
    %cmp/u;
    %jmp/1 T_5.22, 6;
    %load/vec4 v0x55cf59a1b030_0;
    %store/vec4 v0x55cf59a1af30_0, 0, 32;
    %jmp T_5.24;
T_5.19 ;
    %load/vec4 v0x55cf59a1b110_0;
    %store/vec4 v0x55cf59a1af30_0, 0, 32;
    %jmp T_5.24;
T_5.20 ;
    %load/vec4 v0x55cf59a1b1d0_0;
    %store/vec4 v0x55cf59a1af30_0, 0, 32;
    %jmp T_5.24;
T_5.21 ;
    %load/vec4 v0x55cf59a1b1d0_0;
    %store/vec4 v0x55cf59a1af30_0, 0, 32;
    %jmp T_5.24;
T_5.22 ;
    %load/vec4 v0x55cf59a1b2b0_0;
    %store/vec4 v0x55cf59a1af30_0, 0, 32;
    %jmp T_5.24;
T_5.24 ;
    %pop/vec4 1;
    %jmp T_5;
    .thread T_5, $push;
    .scope S_0x55cf59a1b8a0;
T_6 ;
    %wait E_0x55cf59a1ba30;
    %load/vec4 v0x55cf59a1baa0_0;
    %dup/vec4;
    %pushi/vec4 0, 0, 2;
    %cmp/u;
    %jmp/1 T_6.0, 6;
    %dup/vec4;
    %pushi/vec4 1, 0, 2;
    %cmp/u;
    %jmp/1 T_6.1, 6;
    %dup/vec4;
    %pushi/vec4 2, 0, 2;
    %cmp/u;
    %jmp/1 T_6.2, 6;
    %jmp T_6.3;
T_6.0 ;
    %load/vec4 v0x55cf59a1be40_0;
    %flag_set/vec4 8;
    %jmp/0xz  T_6.4, 8;
    %load/vec4 v0x55cf59a1bd60_0;
    %parti/s 1, 5, 4;
    %load/vec4 v0x55cf59a1bc70_0;
    %concat/vec4; draw_concat_vec4
    %store/vec4 v0x55cf59a1bbb0_0, 0, 4;
    %jmp T_6.5;
T_6.4 ;
    %load/vec4 v0x55cf59a1bc70_0;
    %cmpi/e 1, 0, 3;
    %flag_mov 8, 4;
    %load/vec4 v0x55cf59a1bc70_0;
    %cmpi/e 5, 0, 3;
    %flag_or 4, 8;
    %jmp/0xz  T_6.6, 4;
    %load/vec4 v0x55cf59a1bd60_0;
    %parti/s 1, 5, 4;
    %load/vec4 v0x55cf59a1bc70_0;
    %concat/vec4; draw_concat_vec4
    %store/vec4 v0x55cf59a1bbb0_0, 0, 4;
    %jmp T_6.7;
T_6.6 ;
    %pushi/vec4 0, 0, 1;
    %load/vec4 v0x55cf59a1bc70_0;
    %concat/vec4; draw_concat_vec4
    %store/vec4 v0x55cf59a1bbb0_0, 0, 4;
T_6.7 ;
T_6.5 ;
    %jmp T_6.3;
T_6.1 ;
    %pushi/vec4 0, 0, 4;
    %store/vec4 v0x55cf59a1bbb0_0, 0, 4;
    %jmp T_6.3;
T_6.2 ;
    %pushi/vec4 8, 0, 4;
    %store/vec4 v0x55cf59a1bbb0_0, 0, 4;
    %jmp T_6.3;
T_6.3 ;
    %pop/vec4 1;
    %jmp T_6;
    .thread T_6, $push;
    .scope S_0x55cf59a1bff0;
T_7 ;
    %wait E_0x55cf59a1ca40;
    %load/vec4 v0x55cf59a1cab0_0;
    %pushi/vec4 0, 0, 32;
    %cmp/e;
    %flag_get/vec4 4;
    %store/vec4 v0x55cf59a1d0c0_0, 0, 1;
    %load/vec4 v0x55cf59a1cab0_0;
    %cmpi/s 0, 0, 32;
    %flag_get/vec4 5;
    %store/vec4 v0x55cf59a1d000_0, 0, 1;
    %load/vec4 v0x55cf59a1cd30_0;
    %parti/s 1, 31, 6;
    %load/vec4 v0x55cf59a1ce10_0;
    %parti/s 1, 31, 6;
    %cmp/ne;
    %flag_get/vec4 4;
    %load/vec4 v0x55cf59a1cab0_0;
    %parti/s 1, 31, 6;
    %load/vec4 v0x55cf59a1cd30_0;
    %parti/s 1, 31, 6;
    %cmp/ne;
    %flag_get/vec4 4;
    %and;
    %store/vec4 v0x55cf59a1cf40_0, 0, 1;
    %load/vec4 v0x55cf59a1cc70_0;
    %dup/vec4;
    %pushi/vec4 0, 0, 4;
    %cmp/u;
    %jmp/1 T_7.0, 6;
    %dup/vec4;
    %pushi/vec4 8, 0, 4;
    %cmp/u;
    %jmp/1 T_7.1, 6;
    %dup/vec4;
    %pushi/vec4 7, 0, 4;
    %cmp/u;
    %jmp/1 T_7.2, 6;
    %dup/vec4;
    %pushi/vec4 6, 0, 4;
    %cmp/u;
    %jmp/1 T_7.3, 6;
    %dup/vec4;
    %pushi/vec4 4, 0, 4;
    %cmp/u;
    %jmp/1 T_7.4, 6;
    %dup/vec4;
    %pushi/vec4 1, 0, 4;
    %cmp/u;
    %jmp/1 T_7.5, 6;
    %dup/vec4;
    %pushi/vec4 5, 0, 4;
    %cmp/u;
    %jmp/1 T_7.6, 6;
    %dup/vec4;
    %pushi/vec4 13, 0, 4;
    %cmp/u;
    %jmp/1 T_7.7, 6;
    %dup/vec4;
    %pushi/vec4 2, 0, 4;
    %cmp/u;
    %jmp/1 T_7.8, 6;
    %dup/vec4;
    %pushi/vec4 3, 0, 4;
    %cmp/u;
    %jmp/1 T_7.9, 6;
    %jmp T_7.10;
T_7.0 ;
    %load/vec4 v0x55cf59a1cd30_0;
    %pad/u 33;
    %load/vec4 v0x55cf59a1ce10_0;
    %pad/u 33;
    %add;
    %split/vec4 32;
    %store/vec4 v0x55cf59a1cab0_0, 0, 32;
    %store/vec4 v0x55cf59a1cbb0_0, 0, 1;
    %jmp T_7.10;
T_7.1 ;
    %load/vec4 v0x55cf59a1cd30_0;
    %pad/u 33;
    %load/vec4 v0x55cf59a1ce10_0;
    %pad/u 33;
    %sub;
    %split/vec4 32;
    %store/vec4 v0x55cf59a1cab0_0, 0, 32;
    %store/vec4 v0x55cf59a1cbb0_0, 0, 1;
    %jmp T_7.10;
T_7.2 ;
    %load/vec4 v0x55cf59a1cd30_0;
    %load/vec4 v0x55cf59a1ce10_0;
    %and;
    %store/vec4 v0x55cf59a1cab0_0, 0, 32;
    %jmp T_7.10;
T_7.3 ;
    %load/vec4 v0x55cf59a1cd30_0;
    %load/vec4 v0x55cf59a1ce10_0;
    %or;
    %store/vec4 v0x55cf59a1cab0_0, 0, 32;
    %jmp T_7.10;
T_7.4 ;
    %load/vec4 v0x55cf59a1cd30_0;
    %load/vec4 v0x55cf59a1ce10_0;
    %xor;
    %store/vec4 v0x55cf59a1cab0_0, 0, 32;
    %jmp T_7.10;
T_7.5 ;
    %load/vec4 v0x55cf59a1cd30_0;
    %load/vec4 v0x55cf59a1ce10_0;
    %parti/s 5, 0, 2;
    %ix/vec4 4;
    %shiftl 4;
    %store/vec4 v0x55cf59a1cab0_0, 0, 32;
    %jmp T_7.10;
T_7.6 ;
    %load/vec4 v0x55cf59a1cd30_0;
    %load/vec4 v0x55cf59a1ce10_0;
    %parti/s 5, 0, 2;
    %ix/vec4 4;
    %shiftr 4;
    %store/vec4 v0x55cf59a1cab0_0, 0, 32;
    %jmp T_7.10;
T_7.7 ;
    %load/vec4 v0x55cf59a1cd30_0;
    %load/vec4 v0x55cf59a1ce10_0;
    %parti/s 5, 0, 2;
    %ix/vec4 4;
    %shiftr/s 4;
    %store/vec4 v0x55cf59a1cab0_0, 0, 32;
    %jmp T_7.10;
T_7.8 ;
    %pushi/vec4 0, 0, 31;
    %load/vec4 v0x55cf59a1cd30_0;
    %load/vec4 v0x55cf59a1ce10_0;
    %cmp/s;
    %flag_get/vec4 5;
    %concat/vec4; draw_concat_vec4
    %store/vec4 v0x55cf59a1cab0_0, 0, 32;
    %jmp T_7.10;
T_7.9 ;
    %pushi/vec4 0, 0, 31;
    %load/vec4 v0x55cf59a1cd30_0;
    %load/vec4 v0x55cf59a1ce10_0;
    %cmp/u;
    %flag_get/vec4 5;
    %concat/vec4; draw_concat_vec4
    %store/vec4 v0x55cf59a1cab0_0, 0, 32;
    %jmp T_7.10;
T_7.10 ;
    %pop/vec4 1;
    %jmp T_7;
    .thread T_7, $push;
    .scope S_0x55cf59a1d2d0;
T_8 ;
    %wait E_0x55cf59a1d550;
    %load/vec4 v0x55cf59a1d5f0_0;
    %flag_set/vec4 8;
    %jmp/0xz  T_8.0, 8;
    %load/vec4 v0x55cf59a1d880_0;
    %dup/vec4;
    %pushi/vec4 0, 0, 3;
    %cmp/u;
    %jmp/1 T_8.2, 6;
    %dup/vec4;
    %pushi/vec4 1, 0, 3;
    %cmp/u;
    %jmp/1 T_8.3, 6;
    %dup/vec4;
    %pushi/vec4 4, 0, 3;
    %cmp/u;
    %jmp/1 T_8.4, 6;
    %dup/vec4;
    %pushi/vec4 5, 0, 3;
    %cmp/u;
    %jmp/1 T_8.5, 6;
    %dup/vec4;
    %pushi/vec4 6, 0, 3;
    %cmp/u;
    %jmp/1 T_8.6, 6;
    %dup/vec4;
    %pushi/vec4 7, 0, 3;
    %cmp/u;
    %jmp/1 T_8.7, 6;
    %jmp T_8.8;
T_8.2 ;
    %load/vec4 v0x55cf59a1dae0_0;
    %store/vec4 v0x55cf59a1d6b0_0, 0, 1;
    %jmp T_8.8;
T_8.3 ;
    %load/vec4 v0x55cf59a1dae0_0;
    %inv;
    %store/vec4 v0x55cf59a1d6b0_0, 0, 1;
    %jmp T_8.8;
T_8.4 ;
    %load/vec4 v0x55cf59a1da10_0;
    %load/vec4 v0x55cf59a1d920_0;
    %xor;
    %store/vec4 v0x55cf59a1d6b0_0, 0, 1;
    %jmp T_8.8;
T_8.5 ;
    %load/vec4 v0x55cf59a1da10_0;
    %load/vec4 v0x55cf59a1d920_0;
    %xor;
    %inv;
    %store/vec4 v0x55cf59a1d6b0_0, 0, 1;
    %jmp T_8.8;
T_8.6 ;
    %load/vec4 v0x55cf59a1d780_0;
    %store/vec4 v0x55cf59a1d6b0_0, 0, 1;
    %jmp T_8.8;
T_8.7 ;
    %load/vec4 v0x55cf59a1d780_0;
    %inv;
    %store/vec4 v0x55cf59a1d6b0_0, 0, 1;
    %jmp T_8.8;
T_8.8 ;
    %pop/vec4 1;
T_8.0 ;
    %jmp T_8;
    .thread T_8, $push;
    .scope S_0x55cf59a1dc30;
T_9 ;
    %wait E_0x55cf59a1deb0;
    %pushi/vec4 0, 0, 32;
    %store/vec4 v0x55cf59a1e3f0_0, 0, 32;
    %load/vec4 v0x55cf59a1df40_0;
    %flag_set/vec4 8;
    %jmp/0xz  T_9.0, 8;
    %load/vec4 v0x55cf59a1e4b0_0;
    %dup/vec4;
    %pushi/vec4 0, 0, 3;
    %cmp/u;
    %jmp/1 T_9.2, 6;
    %dup/vec4;
    %pushi/vec4 1, 0, 3;
    %cmp/u;
    %jmp/1 T_9.3, 6;
    %dup/vec4;
    %pushi/vec4 2, 0, 3;
    %cmp/u;
    %jmp/1 T_9.4, 6;
    %jmp T_9.5;
T_9.2 ;
    %pushi/vec4 1, 0, 4;
    %ix/getv 4, v0x55cf59a1e2e0_0;
    %shiftl 4;
    %store/vec4 v0x55cf59a1e640_0, 0, 4;
    %load/vec4 v0x55cf59a1e580_0;
    %parti/s 8, 0, 2;
    %pushi/vec4 7, 0, 32;
    %load/vec4 v0x55cf59a1e2e0_0;
    %pad/u 32;
    %muli 8, 0, 32;
    %add;
    %pad/u 34;
    %subi 7, 0, 34;
    %ix/vec4/s 4;
    %store/vec4 v0x55cf59a1e3f0_0, 4, 8;
    %jmp T_9.5;
T_9.3 ;
    %pushi/vec4 3, 0, 4;
    %ix/getv 4, v0x55cf59a1e2e0_0;
    %shiftl 4;
    %store/vec4 v0x55cf59a1e640_0, 0, 4;
    %load/vec4 v0x55cf59a1e580_0;
    %parti/s 16, 0, 2;
    %pushi/vec4 15, 0, 32;
    %load/vec4 v0x55cf59a1e2e0_0;
    %pad/u 32;
    %muli 8, 0, 32;
    %add;
    %pad/u 34;
    %subi 15, 0, 34;
    %ix/vec4/s 4;
    %store/vec4 v0x55cf59a1e3f0_0, 4, 16;
    %jmp T_9.5;
T_9.4 ;
    %pushi/vec4 15, 0, 4;
    %store/vec4 v0x55cf59a1e640_0, 0, 4;
    %load/vec4 v0x55cf59a1e580_0;
    %store/vec4 v0x55cf59a1e3f0_0, 0, 32;
    %jmp T_9.5;
T_9.5 ;
    %pop/vec4 1;
T_9.0 ;
    %jmp T_9;
    .thread T_9, $push;
    .scope S_0x55cf59a1e8a0;
T_10 ;
    %wait E_0x55cf59a1d460;
    %load/vec4 v0x55cf59a1f500_0;
    %dup/vec4;
    %pushi/vec4 0, 0, 3;
    %cmp/u;
    %jmp/1 T_10.0, 6;
    %dup/vec4;
    %pushi/vec4 1, 0, 3;
    %cmp/u;
    %jmp/1 T_10.1, 6;
    %dup/vec4;
    %pushi/vec4 2, 0, 3;
    %cmp/u;
    %jmp/1 T_10.2, 6;
    %dup/vec4;
    %pushi/vec4 4, 0, 3;
    %cmp/u;
    %jmp/1 T_10.3, 6;
    %dup/vec4;
    %pushi/vec4 5, 0, 3;
    %cmp/u;
    %jmp/1 T_10.4, 6;
    %jmp T_10.5;
T_10.0 ;
    %load/vec4 v0x55cf59a1eba0_0;
    %parti/s 1, 7, 4;
    %replicate 24;
    %load/vec4 v0x55cf59a1eba0_0;
    %parti/s 8, 0, 2;
    %concat/vec4; draw_concat_vec4
    %store/vec4 v0x55cf59a1eaa0_0, 0, 32;
    %jmp T_10.5;
T_10.1 ;
    %load/vec4 v0x55cf59a1eba0_0;
    %parti/s 1, 15, 5;
    %replicate 16;
    %load/vec4 v0x55cf59a1eba0_0;
    %parti/s 16, 0, 2;
    %concat/vec4; draw_concat_vec4
    %store/vec4 v0x55cf59a1eaa0_0, 0, 32;
    %jmp T_10.5;
T_10.2 ;
    %load/vec4 v0x55cf59a1eba0_0;
    %store/vec4 v0x55cf59a1eaa0_0, 0, 32;
    %jmp T_10.5;
T_10.3 ;
    %pushi/vec4 0, 0, 24;
    %load/vec4 v0x55cf59a1eba0_0;
    %parti/s 8, 0, 2;
    %concat/vec4; draw_concat_vec4
    %store/vec4 v0x55cf59a1eaa0_0, 0, 32;
    %jmp T_10.5;
T_10.4 ;
    %pushi/vec4 0, 0, 16;
    %load/vec4 v0x55cf59a1eba0_0;
    %parti/s 16, 0, 2;
    %concat/vec4; draw_concat_vec4
    %store/vec4 v0x55cf59a1eaa0_0, 0, 32;
    %jmp T_10.5;
T_10.5 ;
    %pop/vec4 1;
    %jmp T_10;
    .thread T_10, $push;
    .scope S_0x55cf599cddd0;
T_11 ;
    %wait E_0x55cf59a00a20;
    %load/vec4 v0x55cf59a14770_0;
    %dup/vec4;
    %pushi/vec4 0, 0, 2;
    %cmp/u;
    %jmp/1 T_11.0, 6;
    %dup/vec4;
    %pushi/vec4 2, 0, 2;
    %cmp/u;
    %jmp/1 T_11.1, 6;
    %dup/vec4;
    %pushi/vec4 3, 0, 2;
    %cmp/u;
    %jmp/1 T_11.2, 6;
    %jmp T_11.3;
T_11.0 ;
    %load/vec4 v0x55cf59a14690_0;
    %store/vec4 v0x55cf59a14c20_0, 0, 32;
    %jmp T_11.3;
T_11.1 ;
    %load/vec4 v0x55cf59a14a60_0;
    %store/vec4 v0x55cf59a14c20_0, 0, 32;
    %jmp T_11.3;
T_11.2 ;
    %load/vec4 v0x55cf59a14980_0;
    %addi 4, 0, 32;
    %store/vec4 v0x55cf59a14c20_0, 0, 32;
    %jmp T_11.3;
T_11.3 ;
    %pop/vec4 1;
    %load/vec4 v0x55cf59a165f0_0;
    %flag_set/vec4 8;
    %jmp/0xz  T_11.4, 8;
    %load/vec4 v0x55cf59a14c20_0;
    %store/vec4 v0x55cf59a16830_0, 0, 32;
T_11.4 ;
    %load/vec4 v0x55cf59a16910_0;
    %flag_set/vec4 8;
    %jmp/0xz  T_11.6, 8;
    %load/vec4 v0x55cf59a14c20_0;
    %store/vec4 v0x55cf59a16b50_0, 0, 32;
T_11.6 ;
    %load/vec4 v0x55cf59a166b0_0;
    %flag_set/vec4 8;
    %jmp/0xz  T_11.8, 8;
    %load/vec4 v0x55cf59a165f0_0;
    %flag_set/vec4 8;
    %jmp/0xz  T_11.10, 8;
    %load/vec4 v0x55cf59a14b40_0;
    %load/vec4 v0x55cf59a14de0_0;
    %cmp/ne;
    %jmp/0xz  T_11.12, 4;
    %load/vec4 v0x55cf59a14ec0_0;
    %store/vec4 v0x55cf59a16830_0, 0, 32;
    %jmp T_11.13;
T_11.12 ;
    %load/vec4 v0x55cf59a14c20_0;
    %store/vec4 v0x55cf59a16830_0, 0, 32;
T_11.13 ;
    %jmp T_11.11;
T_11.10 ;
    %load/vec4 v0x55cf59a14ec0_0;
    %store/vec4 v0x55cf59a16830_0, 0, 32;
T_11.11 ;
T_11.8 ;
    %load/vec4 v0x55cf59a169d0_0;
    %flag_set/vec4 8;
    %jmp/0xz  T_11.14, 8;
    %load/vec4 v0x55cf59a16910_0;
    %flag_set/vec4 8;
    %jmp/0xz  T_11.16, 8;
    %load/vec4 v0x55cf59a14b40_0;
    %load/vec4 v0x55cf59a14de0_0;
    %cmp/ne;
    %jmp/0xz  T_11.18, 4;
    %load/vec4 v0x55cf59a14ec0_0;
    %store/vec4 v0x55cf59a16b50_0, 0, 32;
    %jmp T_11.19;
T_11.18 ;
    %load/vec4 v0x55cf59a14c20_0;
    %store/vec4 v0x55cf59a16b50_0, 0, 32;
T_11.19 ;
    %jmp T_11.17;
T_11.16 ;
    %load/vec4 v0x55cf59a14ec0_0;
    %store/vec4 v0x55cf59a16b50_0, 0, 32;
T_11.17 ;
T_11.14 ;
    %jmp T_11;
    .thread T_11, $push;
    .scope S_0x55cf59a16e30;
T_12 ;
    %wait E_0x55cf59a17060;
    %load/vec4 v0x55cf59a170d0_0;
    %flag_set/vec4 8;
    %jmp/0xz  T_12.0, 8;
    %load/vec4 v0x55cf59a171b0_0;
    %load/vec4 v0x55cf59a17350_0;
    %cmp/e;
    %flag_get/vec4 4;
    %load/vec4 v0x55cf59a17290_0;
    %parti/s 1, 1, 2;
    %and;
    %load/vec4 v0x55cf59a171b0_0;
    %load/vec4 v0x55cf59a17430_0;
    %cmp/e;
    %flag_get/vec4 4;
    %load/vec4 v0x55cf59a17290_0;
    %parti/s 1, 2, 3;
    %and;
    %or;
    %store/vec4 v0x55cf59a17560_0, 0, 1;
    %jmp T_12.1;
T_12.0 ;
    %pushi/vec4 0, 0, 1;
    %store/vec4 v0x55cf59a17560_0, 0, 1;
T_12.1 ;
    %jmp T_12;
    .thread T_12, $push;
    .scope S_0x55cf59a17720;
T_13 ;
    %wait E_0x55cf59a00cb0;
    %load/vec4 v0x55cf59a17b60_0;
    %load/vec4 v0x55cf59a17cc0_0;
    %and;
    %flag_set/vec4 8;
    %jmp/0xz  T_13.0, 8;
    %load/vec4 v0x55cf59a17f90_0;
    %load/vec4 v0x55cf59a17d80_0;
    %add;
    %store/vec4 v0x55cf59a17eb0_0, 0, 32;
    %jmp T_13.1;
T_13.0 ;
    %load/vec4 v0x55cf59a17c20_0;
    %flag_set/vec4 8;
    %jmp/0xz  T_13.2, 8;
    %load/vec4 v0x55cf59a17a80_0;
    %pad/u 32;
    %cmpi/e 0, 0, 32;
    %jmp/0xz  T_13.4, 4;
    %load/vec4 v0x55cf59a17f90_0;
    %load/vec4 v0x55cf59a17d80_0;
    %add;
    %store/vec4 v0x55cf59a17eb0_0, 0, 32;
    %jmp T_13.5;
T_13.4 ;
    %load/vec4 v0x55cf59a18070_0;
    %load/vec4 v0x55cf59a17d80_0;
    %add;
    %pushi/vec4 4294967294, 0, 32;
    %and;
    %store/vec4 v0x55cf59a17eb0_0, 0, 32;
T_13.5 ;
    %jmp T_13.3;
T_13.2 ;
    %load/vec4 v0x55cf59a17f90_0;
    %addi 4, 0, 32;
    %store/vec4 v0x55cf59a17eb0_0, 0, 32;
T_13.3 ;
T_13.1 ;
    %jmp T_13;
    .thread T_13, $push;
    .scope S_0x55cf599e6870;
T_14 ;
    %wait E_0x55cf599713a0;
    %load/vec4 v0x55cf59a25220_0;
    %nor/r;
    %flag_set/vec4 8;
    %jmp/0xz  T_14.0, 8;
    %pushi/vec4 0, 0, 32;
    %assign/vec4 v0x55cf59a22730_0, 0;
    %pushi/vec4 0, 0, 32;
    %assign/vec4 v0x55cf59a22670_0, 0;
    %pushi/vec4 0, 0, 163;
    %assign/vec4 v0x55cf59a21770_0, 0;
    %pushi/vec4 0, 0, 110;
    %assign/vec4 v0x55cf59a1fb00_0, 0;
    %pushi/vec4 0, 0, 40;
    %assign/vec4 v0x55cf59a22c40_0, 0;
    %jmp T_14.1;
T_14.0 ;
    %load/vec4 v0x55cf59a23530_0;
    %flag_set/vec4 8;
    %jmp/0xz  T_14.2, 8;
    %load/vec4 v0x55cf59a22730_0;
    %assign/vec4 v0x55cf59a22730_0, 0;
    %load/vec4 v0x55cf59a22670_0;
    %assign/vec4 v0x55cf59a22670_0, 0;
    %load/vec4 v0x55cf59a206f0_0;
    %concati/vec4 0, 0, 3;
    %concati/vec4 0, 0, 4;
    %concati/vec4 0, 0, 3;
    %concati/vec4 0, 0, 2;
    %concati/vec4 0, 0, 2;
    %concati/vec4 0, 0, 1;
    %concati/vec4 0, 0, 1;
    %concati/vec4 0, 0, 1;
    %concati/vec4 0, 0, 1;
    %concati/vec4 0, 0, 1;
    %concati/vec4 0, 0, 1;
    %load/vec4 v0x55cf59a20a20_0;
    %concat/vec4; draw_concat_vec4
    %load/vec4 v0x55cf59a20e20_0;
    %concat/vec4; draw_concat_vec4
    %load/vec4 v0x55cf59a20130_0;
    %concat/vec4; draw_concat_vec4
    %load/vec4 v0x55cf59a20890_0;
    %concat/vec4; draw_concat_vec4
    %load/vec4 v0x55cf59a20950_0;
    %concat/vec4; draw_concat_vec4
    %load/vec4 v0x55cf59a20d50_0;
    %concat/vec4; draw_concat_vec4
    %assign/vec4 v0x55cf59a21770_0, 0;
    %load/vec4 v0x55cf59a206f0_0;
    %load/vec4 v0x55cf59a207b0_0;
    %concat/vec4; draw_concat_vec4
    %load/vec4 v0x55cf59a20270_0;
    %concat/vec4; draw_concat_vec4
    %load/vec4 v0x55cf59a1feb0_0;
    %concat/vec4; draw_concat_vec4
    %load/vec4 v0x55cf59a1fce0_0;
    %concat/vec4; draw_concat_vec4
    %load/vec4 v0x55cf59a1fe10_0;
    %concat/vec4; draw_concat_vec4
    %load/vec4 v0x55cf59a1f850_0;
    %concat/vec4; draw_concat_vec4
    %load/vec4 v0x55cf59a20890_0;
    %concat/vec4; draw_concat_vec4
    %assign/vec4 v0x55cf59a1fb00_0, 0;
    %load/vec4 v0x55cf59a22b70_0;
    %load/vec4 v0x55cf59a23470_0;
    %concat/vec4; draw_concat_vec4
    %load/vec4 v0x55cf59a23380_0;
    %concat/vec4; draw_concat_vec4
    %assign/vec4 v0x55cf59a22c40_0, 0;
    %jmp T_14.3;
T_14.2 ;
    %load/vec4 v0x55cf59a25160_0;
    %assign/vec4 v0x55cf59a22730_0, 0;
    %load/vec4 v0x55cf59a22730_0;
    %assign/vec4 v0x55cf59a22670_0, 0;
    %load/vec4 v0x55cf59a22190_0;
    %load/vec4 v0x55cf59a21e50_0;
    %concat/vec4; draw_concat_vec4
    %load/vec4 v0x55cf59a21d80_0;
    %concat/vec4; draw_concat_vec4
    %load/vec4 v0x55cf59a21bf0_0;
    %concat/vec4; draw_concat_vec4
    %load/vec4 v0x55cf59a21540_0;
    %concat/vec4; draw_concat_vec4
    %load/vec4 v0x55cf59a21a50_0;
    %concat/vec4; draw_concat_vec4
    %load/vec4 v0x55cf59a21630_0;
    %concat/vec4; draw_concat_vec4
    %load/vec4 v0x55cf59a21b20_0;
    %concat/vec4; draw_concat_vec4
    %load/vec4 v0x55cf59a218b0_0;
    %concat/vec4; draw_concat_vec4
    %load/vec4 v0x55cf59a21980_0;
    %concat/vec4; draw_concat_vec4
    %load/vec4 v0x55cf59a216d0_0;
    %concat/vec4; draw_concat_vec4
    %load/vec4 v0x55cf59a21810_0;
    %concat/vec4; draw_concat_vec4
    %load/vec4 v0x55cf59a22400_0;
    %concat/vec4; draw_concat_vec4
    %load/vec4 v0x55cf59a225b0_0;
    %concat/vec4; draw_concat_vec4
    %load/vec4 v0x55cf59a21ce0_0;
    %concat/vec4; draw_concat_vec4
    %load/vec4 v0x55cf59a22230_0;
    %concat/vec4; draw_concat_vec4
    %load/vec4 v0x55cf59a222f0_0;
    %concat/vec4; draw_concat_vec4
    %load/vec4 v0x55cf59a224c0_0;
    %concat/vec4; draw_concat_vec4
    %assign/vec4 v0x55cf59a21770_0, 0;
    %load/vec4 v0x55cf59a206f0_0;
    %load/vec4 v0x55cf59a207b0_0;
    %concat/vec4; draw_concat_vec4
    %load/vec4 v0x55cf59a20270_0;
    %concat/vec4; draw_concat_vec4
    %load/vec4 v0x55cf59a1feb0_0;
    %concat/vec4; draw_concat_vec4
    %load/vec4 v0x55cf59a1fce0_0;
    %concat/vec4; draw_concat_vec4
    %load/vec4 v0x55cf59a1fe10_0;
    %concat/vec4; draw_concat_vec4
    %load/vec4 v0x55cf59a1f850_0;
    %concat/vec4; draw_concat_vec4
    %load/vec4 v0x55cf59a20890_0;
    %concat/vec4; draw_concat_vec4
    %assign/vec4 v0x55cf59a1fb00_0, 0;
    %load/vec4 v0x55cf59a22b70_0;
    %load/vec4 v0x55cf59a23470_0;
    %concat/vec4; draw_concat_vec4
    %load/vec4 v0x55cf59a23380_0;
    %concat/vec4; draw_concat_vec4
    %assign/vec4 v0x55cf59a22c40_0, 0;
T_14.3 ;
T_14.1 ;
    %jmp T_14;
    .thread T_14;
    .scope S_0x55cf599e6870;
T_15 ;
    %wait E_0x55cf59971610;
    %load/vec4 v0x55cf59a229d0_0;
    %dup/vec4;
    %pushi/vec4 0, 0, 2;
    %cmp/u;
    %jmp/1 T_15.0, 6;
    %dup/vec4;
    %pushi/vec4 1, 0, 2;
    %cmp/u;
    %jmp/1 T_15.1, 6;
    %dup/vec4;
    %pushi/vec4 2, 0, 2;
    %cmp/u;
    %jmp/1 T_15.2, 6;
    %dup/vec4;
    %pushi/vec4 3, 0, 2;
    %cmp/u;
    %jmp/1 T_15.3, 6;
    %jmp T_15.4;
T_15.0 ;
    %load/vec4 v0x55cf59a22820_0;
    %store/vec4 v0x55cf59a23470_0, 0, 32;
    %jmp T_15.4;
T_15.1 ;
    %load/vec4 v0x55cf59a22910_0;
    %store/vec4 v0x55cf59a23470_0, 0, 32;
    %jmp T_15.4;
T_15.2 ;
    %load/vec4 v0x55cf59a232b0_0;
    %store/vec4 v0x55cf59a23470_0, 0, 32;
    %jmp T_15.4;
T_15.3 ;
    %load/vec4 v0x55cf59a231e0_0;
    %addi 4, 0, 32;
    %store/vec4 v0x55cf59a23470_0, 0, 32;
    %jmp T_15.4;
T_15.4 ;
    %pop/vec4 1;
    %jmp T_15;
    .thread T_15, $push;
    .scope S_0x55cf599cc180;
T_16 ;
    %pushi/vec4 0, 0, 1;
    %store/vec4 v0x55cf59a256c0_0, 0, 1;
T_16.0 ;
    %delay 5000, 0;
    %load/vec4 v0x55cf59a256c0_0;
    %inv;
    %store/vec4 v0x55cf59a256c0_0, 0, 1;
    %jmp T_16.0;
    %end;
    .thread T_16;
    .scope S_0x55cf599cc180;
T_17 ;
    %vpi_call 2 23 "$dumpfile", "sim.vcd" {0 0 0};
    %vpi_call 2 24 "$dumpvars", 32'sb00000000000000000000000000000000, S_0x55cf599cc180 {0 0 0};
    %vpi_func 2 28 "$value$plusargs" 32, "PROGRAM=%s", v0x55cf59a25760_0 {0 0 0};
    %nor/r;
    %flag_set/vec4 8;
    %jmp/0xz  T_17.0, 8;
    %vpi_call 2 29 "$display", "ERROR: No PROGRAM file specified! Use +PROGRAM=<path>" {0 0 0};
    %vpi_call 2 30 "$finish" {0 0 0};
T_17.0 ;
    %vpi_call 2 33 "$display", "Loading program from %s", v0x55cf59a25760_0 {0 0 0};
    %vpi_call 2 35 "$readmemh", v0x55cf59a25760_0, v0x55cf59a13c70, 32'sb00000000000000000000000000000000 {0 0 0};
    %vpi_func 2 37 "$value$plusargs" 32, "begin_signature=%h", v0x55cf59a25500_0 {0 0 0};
    %nor/r;
    %flag_set/vec4 8;
    %jmp/0xz  T_17.2, 8;
    %vpi_call 2 38 "$display", "No RVMODEL_DATA_BEGIN address specified! Using default address 0x00005000" {0 0 0};
    %pushi/vec4 20480, 0, 32;
    %store/vec4 v0x55cf59a25500_0, 0, 32;
T_17.2 ;
    %vpi_call 2 42 "$display", "RVMODEL_DATA_BEGIN: %h", v0x55cf59a25500_0 {0 0 0};
    %vpi_func 2 44 "$value$plusargs" 32, "end_signature=%h", v0x55cf59a255e0_0 {0 0 0};
    %nor/r;
    %flag_set/vec4 8;
    %jmp/0xz  T_17.4, 8;
    %vpi_call 2 45 "$display", "No RVMODEL_DATA_END address specified! Using default address 0x00008000" {0 0 0};
    %pushi/vec4 32768, 0, 32;
    %store/vec4 v0x55cf59a255e0_0, 0, 32;
T_17.4 ;
    %vpi_call 2 49 "$display", "RVMODEL_DATA_END: %h", v0x55cf59a255e0_0 {0 0 0};
    %vpi_func 2 51 "$value$plusargs" 32, "tohost=%h", v0x55cf59a25910_0 {0 0 0};
    %nor/r;
    %flag_set/vec4 8;
    %jmp/0xz  T_17.6, 8;
    %vpi_call 2 52 "$display", "No tohost address specified! Using default address 0x00005000" {0 0 0};
    %pushi/vec4 20480, 0, 32;
    %store/vec4 v0x55cf59a25910_0, 0, 32;
T_17.6 ;
    %vpi_call 2 56 "$display", "tohost: %h", v0x55cf59a25910_0 {0 0 0};
    %pushi/vec4 0, 0, 1;
    %store/vec4 v0x55cf59a25820_0, 0, 1;
    %delay 20000, 0;
    %pushi/vec4 1, 0, 1;
    %store/vec4 v0x55cf59a25820_0, 0, 1;
    %delay 1000000, 0;
    %vpi_call 2 63 "$finish" {0 0 0};
    %end;
    .thread T_17;
# The file index is used to find the file name in the following table.
:file_names 16;
    "N/A";
    "<interactive>";
    "../tb/pipe/top_tb.sv";
    "../rtl/pipe/top.v";
    "../rtl/mem/BRAM.v";
    "../rtl/unit/ForwardUnit.v";
    "../rtl/unit/StallUnit.v";
    "../rtl/unit/Fetch.v";
    "../rtl/unit/ControlUnit.v";
    "../rtl/unit/RegFile.v";
    "../rtl/unit/ImmGen.v";
    "../rtl/unit/ALUControl.v";
    "../rtl/unit/ALU.v";
    "../rtl/unit/BPU.v";
    "../rtl/unit/Store.v";
    "../rtl/unit/Load.v";
